[2.138s] Invoking command in '/home/yyh/ros2_ws/src/yyh_object': DEBUGINFOD_URLS=https://debuginfod.ubuntu.com PYTHONPATH=/home/yyh/ros2_ws/build/yyh_object/prefix_override:/usr/lib/python3/dist-packages/colcon_core/task/python/colcon_distutils_commands:/home/yyh/ros2_ws/install/yyh_object/lib/python3.12/site-packages:${PYTHONPATH} VIRTUAL_ENV_PROMPT=(gongchuang) /usr/bin/python3 -W ignore:setup.py install is deprecated setup.py egg_info --egg-base ../../build/yyh_object build --build-base /home/yyh/ros2_ws/build/yyh_object/build install --record /home/yyh/ros2_ws/build/yyh_object/install.log --single-version-externally-managed install_data
[2.563s] running egg_info
[2.590s] writing ../../build/yyh_object/yyh_object.egg-info/PKG-INFO
[2.591s] writing dependency_links to ../../build/yyh_object/yyh_object.egg-info/dependency_links.txt
[2.592s] writing entry points to ../../build/yyh_object/yyh_object.egg-info/entry_points.txt
[2.594s] writing requirements to ../../build/yyh_object/yyh_object.egg-info/requires.txt
[2.594s] writing top-level names to ../../build/yyh_object/yyh_object.egg-info/top_level.txt
[2.648s] reading manifest file '../../build/yyh_object/yyh_object.egg-info/SOURCES.txt'
[2.650s] writing manifest file '../../build/yyh_object/yyh_object.egg-info/SOURCES.txt'
[2.651s] running build
[2.651s] running build_py
[2.651s] copying yyh_object/Image_gongchuang.py -> /home/yyh/ros2_ws/build/yyh_object/build/lib/yyh_object
[2.653s] running install
[2.663s] running install_lib
[2.689s] copying /home/yyh/ros2_ws/build/yyh_object/build/lib/yyh_object/Image_gongchuang.py -> /home/yyh/ros2_ws/install/yyh_object/lib/python3.12/site-packages/yyh_object
[2.691s] byte-compiling /home/yyh/ros2_ws/install/yyh_object/lib/python3.12/site-packages/yyh_object/Image_gongchuang.py to Image_gongchuang.cpython-312.pyc
[2.695s] running install_data
[2.696s] running install_egg_info
[2.729s] removing '/home/yyh/ros2_ws/install/yyh_object/lib/python3.12/site-packages/yyh_object-0.0.0-py3.12.egg-info' (and everything under it)
[2.729s] Copying ../../build/yyh_object/yyh_object.egg-info to /home/yyh/ros2_ws/install/yyh_object/lib/python3.12/site-packages/yyh_object-0.0.0-py3.12.egg-info
[2.729s] running install_scripts
[2.974s] Installing Image_gongchuang script to /home/yyh/ros2_ws/install/yyh_object/lib/yyh_object
[2.975s] Installing usb_pub script to /home/yyh/ros2_ws/install/yyh_object/lib/yyh_object
[2.976s] Installing usb_pub2 script to /home/yyh/ros2_ws/install/yyh_object/lib/yyh_object
[2.978s] writing list of installed files to '/home/yyh/ros2_ws/build/yyh_object/install.log'
[3.084s] Invoked command in '/home/yyh/ros2_ws/src/yyh_object' returned '0': DEBUGINFOD_URLS=https://debuginfod.ubuntu.com PYTHONPATH=/home/yyh/ros2_ws/build/yyh_object/prefix_override:/usr/lib/python3/dist-packages/colcon_core/task/python/colcon_distutils_commands:/home/yyh/ros2_ws/install/yyh_object/lib/python3.12/site-packages:${PYTHONPATH} VIRTUAL_ENV_PROMPT=(gongchuang) /usr/bin/python3 -W ignore:setup.py install is deprecated setup.py egg_info --egg-base ../../build/yyh_object build --build-base /home/yyh/ros2_ws/build/yyh_object/build install --record /home/yyh/ros2_ws/build/yyh_object/install.log --single-version-externally-managed install_data
