[2.198s] Invoking command in '/home/yyh/ros2_ws/src/yyh_object': DEBUGINFOD_URLS=https://debuginfod.ubuntu.com PYTHONPATH=/home/yyh/ros2_ws/build/yyh_object/prefix_override:/usr/lib/python3/dist-packages/colcon_core/task/python/colcon_distutils_commands:/home/yyh/ros2_ws/install/yyh_object/lib/python3.12/site-packages:${PYTHONPATH} VIRTUAL_ENV_PROMPT=(gongchuang) /usr/bin/python3 -W ignore:setup.py install is deprecated setup.py egg_info --egg-base ../../build/yyh_object build --build-base /home/yyh/ros2_ws/build/yyh_object/build install --record /home/yyh/ros2_ws/build/yyh_object/install.log --single-version-externally-managed install_data
[2.629s] running egg_info
[2.655s] writing ../../build/yyh_object/yyh_object.egg-info/PKG-INFO
[2.657s] writing dependency_links to ../../build/yyh_object/yyh_object.egg-info/dependency_links.txt
[2.657s] writing entry points to ../../build/yyh_object/yyh_object.egg-info/entry_points.txt
[2.658s] writing requirements to ../../build/yyh_object/yyh_object.egg-info/requires.txt
[2.658s] writing top-level names to ../../build/yyh_object/yyh_object.egg-info/top_level.txt
[2.712s] reading manifest file '../../build/yyh_object/yyh_object.egg-info/SOURCES.txt'
[2.713s] writing manifest file '../../build/yyh_object/yyh_object.egg-info/SOURCES.txt'
[2.715s] running build
[2.715s] running build_py
[2.715s] copying yyh_object/Image_gongchuang.py -> /home/yyh/ros2_ws/build/yyh_object/build/lib/yyh_object
[2.717s] running install
[2.726s] running install_lib
[2.758s] copying /home/yyh/ros2_ws/build/yyh_object/build/lib/yyh_object/Image_gongchuang.py -> /home/yyh/ros2_ws/install/yyh_object/lib/python3.12/site-packages/yyh_object
[2.759s] byte-compiling /home/yyh/ros2_ws/install/yyh_object/lib/python3.12/site-packages/yyh_object/Image_gongchuang.py to Image_gongchuang.cpython-312.pyc
[2.763s] running install_data
[2.763s] running install_egg_info
[2.792s] removing '/home/yyh/ros2_ws/install/yyh_object/lib/python3.12/site-packages/yyh_object-0.0.0-py3.12.egg-info' (and everything under it)
[2.797s] Copying ../../build/yyh_object/yyh_object.egg-info to /home/yyh/ros2_ws/install/yyh_object/lib/python3.12/site-packages/yyh_object-0.0.0-py3.12.egg-info
[2.798s] running install_scripts
[3.001s] Installing Image_gongchuang script to /home/yyh/ros2_ws/install/yyh_object/lib/yyh_object
[3.003s] Installing usb_pub script to /home/yyh/ros2_ws/install/yyh_object/lib/yyh_object
[3.003s] Installing usb_pub2 script to /home/yyh/ros2_ws/install/yyh_object/lib/yyh_object
[3.005s] writing list of installed files to '/home/yyh/ros2_ws/build/yyh_object/install.log'
[3.178s] Invoked command in '/home/yyh/ros2_ws/src/yyh_object' returned '0': DEBUGINFOD_URLS=https://debuginfod.ubuntu.com PYTHONPATH=/home/yyh/ros2_ws/build/yyh_object/prefix_override:/usr/lib/python3/dist-packages/colcon_core/task/python/colcon_distutils_commands:/home/yyh/ros2_ws/install/yyh_object/lib/python3.12/site-packages:${PYTHONPATH} VIRTUAL_ENV_PROMPT=(gongchuang) /usr/bin/python3 -W ignore:setup.py install is deprecated setup.py egg_info --egg-base ../../build/yyh_object build --build-base /home/yyh/ros2_ws/build/yyh_object/build install --record /home/yyh/ros2_ws/build/yyh_object/install.log --single-version-externally-managed install_data
