[3.848s] Invoking command in '/home/yyh/ros2_ws/src/yyh_object': DEBUGINFOD_URLS=https://debuginfod.ubuntu.com PS1=(gongchuang) \[\e]0;\u@\h: \w\a\]${debian_chroot:+($debian_chroot)}\[\033[01;32m\]\u@\h\[\033[00m\]:\[\033[01;34m\]\w\[\033[00m\]\$ PYTHONPATH=/home/yyh/ros2_ws/build/yyh_object/prefix_override:/usr/lib/python3/dist-packages/colcon_core/task/python/colcon_distutils_commands:/home/yyh/ros2_ws/install/yyh_object/lib/python3.12/site-packages:${PYTHONPATH} VIRTUAL_ENV_PROMPT=(gongchuang) /usr/bin/python3 -W ignore:setup.py install is deprecated setup.py egg_info --egg-base ../../build/yyh_object build --build-base /home/yyh/ros2_ws/build/yyh_object/build install --record /home/yyh/ros2_ws/build/yyh_object/install.log --single-version-externally-managed install_data
[4.609s] running egg_info
[4.642s] writing ../../build/yyh_object/yyh_object.egg-info/PKG-INFO
[4.644s] writing dependency_links to ../../build/yyh_object/yyh_object.egg-info/dependency_links.txt
[4.645s] writing entry points to ../../build/yyh_object/yyh_object.egg-info/entry_points.txt
[4.647s] writing requirements to ../../build/yyh_object/yyh_object.egg-info/requires.txt
[4.650s] writing top-level names to ../../build/yyh_object/yyh_object.egg-info/top_level.txt
[4.753s] reading manifest file '../../build/yyh_object/yyh_object.egg-info/SOURCES.txt'
[4.757s] writing manifest file '../../build/yyh_object/yyh_object.egg-info/SOURCES.txt'
[4.760s] running build
[4.760s] running build_py
[4.760s] copying yyh_object/usb_pub2.py -> /home/yyh/ros2_ws/build/yyh_object/build/lib/yyh_object
[4.760s] running install
[4.771s] running install_lib
[4.820s] copying /home/yyh/ros2_ws/build/yyh_object/build/lib/yyh_object/usb_pub2.py -> /home/yyh/ros2_ws/install/yyh_object/lib/python3.12/site-packages/yyh_object
[4.820s] byte-compiling /home/yyh/ros2_ws/install/yyh_object/lib/python3.12/site-packages/yyh_object/usb_pub2.py to usb_pub2.cpython-312.pyc
[4.826s] running install_data
[4.826s] running install_egg_info
[4.858s] removing '/home/yyh/ros2_ws/install/yyh_object/lib/python3.12/site-packages/yyh_object-0.0.0-py3.12.egg-info' (and everything under it)
[4.860s] Copying ../../build/yyh_object/yyh_object.egg-info to /home/yyh/ros2_ws/install/yyh_object/lib/python3.12/site-packages/yyh_object-0.0.0-py3.12.egg-info
[4.860s] running install_scripts
[5.196s] Installing usb_pub script to /home/yyh/ros2_ws/install/yyh_object/lib/yyh_object
[5.207s] writing list of installed files to '/home/yyh/ros2_ws/build/yyh_object/install.log'
[5.463s] Invoked command in '/home/yyh/ros2_ws/src/yyh_object' returned '0': DEBUGINFOD_URLS=https://debuginfod.ubuntu.com PS1=(gongchuang) \[\e]0;\u@\h: \w\a\]${debian_chroot:+($debian_chroot)}\[\033[01;32m\]\u@\h\[\033[00m\]:\[\033[01;34m\]\w\[\033[00m\]\$ PYTHONPATH=/home/yyh/ros2_ws/build/yyh_object/prefix_override:/usr/lib/python3/dist-packages/colcon_core/task/python/colcon_distutils_commands:/home/yyh/ros2_ws/install/yyh_object/lib/python3.12/site-packages:${PYTHONPATH} VIRTUAL_ENV_PROMPT=(gongchuang) /usr/bin/python3 -W ignore:setup.py install is deprecated setup.py egg_info --egg-base ../../build/yyh_object build --build-base /home/yyh/ros2_ws/build/yyh_object/build install --record /home/yyh/ros2_ws/build/yyh_object/install.log --single-version-externally-managed install_data
