[0.146s] DEBUG:colcon:Command line arguments: ['/usr/bin/colcon', 'build']
[0.147s] DEBUG:colcon:Parsed command line arguments: Namespace(log_base=None, log_level=None, verb_name='build', build_base='build', install_base='install', merge_install=False, symlink_install=False, test_result_base=None, continue_on_error=False, executor='parallel', parallel_workers=4, event_handlers=None, ignore_user_meta=False, metas=['./colcon.meta'], base_paths=['.'], packages_ignore=None, packages_ignore_regex=None, paths=None, packages_up_to=None, packages_up_to_regex=None, packages_above=None, packages_above_and_dependencies=None, packages_above_depth=None, packages_select_by_dep=None, packages_skip_by_dep=None, packages_skip_up_to=None, packages_select_build_failed=False, packages_skip_build_finished=False, packages_select_test_failures=False, packages_skip_test_passed=False, packages_select=None, packages_skip=None, packages_select_regex=None, packages_skip_regex=None, packages_start=None, packages_end=None, allow_overriding=[], cmake_args=None, cmake_target=None, cmake_target_skip_unavailable=False, cmake_clean_cache=False, cmake_clean_first=False, cmake_force_configure=False, ament_cmake_args=None, catkin_cmake_args=None, catkin_skip_building_tests=False, verb_parser=<colcon_defaults.argument_parser.defaults.DefaultArgumentsDecorator object at 0xffffa2b537d0>, verb_extension=<colcon_core.verb.build.BuildVerb object at 0xffffa2c7e7b0>, main=<bound method BuildVerb.main of <colcon_core.verb.build.BuildVerb object at 0xffffa2c7e7b0>>)
[0.200s] Level 1:colcon.colcon_core.package_discovery:discover_packages(colcon_meta) check parameters
[0.200s] Level 1:colcon.colcon_core.package_discovery:discover_packages(recursive) check parameters
[0.200s] Level 1:colcon.colcon_core.package_discovery:discover_packages(ignore) check parameters
[0.201s] Level 1:colcon.colcon_core.package_discovery:discover_packages(path) check parameters
[0.201s] Level 1:colcon.colcon_core.package_discovery:discover_packages(colcon_meta) discover
[0.201s] Level 1:colcon.colcon_core.package_discovery:discover_packages(recursive) discover
[0.201s] INFO:colcon.colcon_core.package_discovery:Crawling recursively for packages in '/home/yyh/ros2_ws'
[0.201s] Level 1:colcon.colcon_core.package_identification:_identify(.) by extensions ['ignore', 'ignore_ament_install']
[0.201s] Level 1:colcon.colcon_core.package_identification:_identify(.) by extension 'ignore'
[0.201s] Level 1:colcon.colcon_core.package_identification:_identify(.) by extension 'ignore_ament_install'
[0.201s] Level 1:colcon.colcon_core.package_identification:_identify(.) by extensions ['colcon_pkg']
[0.201s] Level 1:colcon.colcon_core.package_identification:_identify(.) by extension 'colcon_pkg'
[0.201s] Level 1:colcon.colcon_core.package_identification:_identify(.) by extensions ['colcon_meta']
[0.201s] Level 1:colcon.colcon_core.package_identification:_identify(.) by extension 'colcon_meta'
[0.201s] Level 1:colcon.colcon_core.package_identification:_identify(.) by extensions ['ros']
[0.201s] Level 1:colcon.colcon_core.package_identification:_identify(.) by extension 'ros'
[0.241s] Level 1:colcon.colcon_core.package_identification:_identify(.) by extensions ['cmake', 'python']
[0.241s] Level 1:colcon.colcon_core.package_identification:_identify(.) by extension 'cmake'
[0.241s] Level 1:colcon.colcon_core.package_identification:_identify(.) by extension 'python'
[0.241s] Level 1:colcon.colcon_core.package_identification:_identify(.) by extensions ['python_setup_py']
[0.241s] Level 1:colcon.colcon_core.package_identification:_identify(.) by extension 'python_setup_py'
[0.242s] Level 1:colcon.colcon_core.package_identification:_identify(build) by extensions ['ignore', 'ignore_ament_install']
[0.242s] Level 1:colcon.colcon_core.package_identification:_identify(build) by extension 'ignore'
[0.242s] Level 1:colcon.colcon_core.package_identification:_identify(build) ignored
[0.242s] Level 1:colcon.colcon_core.package_identification:_identify(install) by extensions ['ignore', 'ignore_ament_install']
[0.242s] Level 1:colcon.colcon_core.package_identification:_identify(install) by extension 'ignore'
[0.242s] Level 1:colcon.colcon_core.package_identification:_identify(install) ignored
[0.242s] Level 1:colcon.colcon_core.package_identification:_identify(log) by extensions ['ignore', 'ignore_ament_install']
[0.242s] Level 1:colcon.colcon_core.package_identification:_identify(log) by extension 'ignore'
[0.243s] Level 1:colcon.colcon_core.package_identification:_identify(log) ignored
[0.243s] Level 1:colcon.colcon_core.package_identification:_identify(src) by extensions ['ignore', 'ignore_ament_install']
[0.243s] Level 1:colcon.colcon_core.package_identification:_identify(src) by extension 'ignore'
[0.243s] Level 1:colcon.colcon_core.package_identification:_identify(src) by extension 'ignore_ament_install'
[0.243s] Level 1:colcon.colcon_core.package_identification:_identify(src) by extensions ['colcon_pkg']
[0.243s] Level 1:colcon.colcon_core.package_identification:_identify(src) by extension 'colcon_pkg'
[0.243s] Level 1:colcon.colcon_core.package_identification:_identify(src) by extensions ['colcon_meta']
[0.243s] Level 1:colcon.colcon_core.package_identification:_identify(src) by extension 'colcon_meta'
[0.243s] Level 1:colcon.colcon_core.package_identification:_identify(src) by extensions ['ros']
[0.243s] Level 1:colcon.colcon_core.package_identification:_identify(src) by extension 'ros'
[0.243s] Level 1:colcon.colcon_core.package_identification:_identify(src) by extensions ['cmake', 'python']
[0.243s] Level 1:colcon.colcon_core.package_identification:_identify(src) by extension 'cmake'
[0.243s] Level 1:colcon.colcon_core.package_identification:_identify(src) by extension 'python'
[0.243s] Level 1:colcon.colcon_core.package_identification:_identify(src) by extensions ['python_setup_py']
[0.243s] Level 1:colcon.colcon_core.package_identification:_identify(src) by extension 'python_setup_py'
[0.243s] Level 1:colcon.colcon_core.package_identification:_identify(src/learning_interface) by extensions ['ignore', 'ignore_ament_install']
[0.244s] Level 1:colcon.colcon_core.package_identification:_identify(src/learning_interface) by extension 'ignore'
[0.244s] Level 1:colcon.colcon_core.package_identification:_identify(src/learning_interface) by extension 'ignore_ament_install'
[0.244s] Level 1:colcon.colcon_core.package_identification:_identify(src/learning_interface) by extensions ['colcon_pkg']
[0.244s] Level 1:colcon.colcon_core.package_identification:_identify(src/learning_interface) by extension 'colcon_pkg'
[0.244s] Level 1:colcon.colcon_core.package_identification:_identify(src/learning_interface) by extensions ['colcon_meta']
[0.244s] Level 1:colcon.colcon_core.package_identification:_identify(src/learning_interface) by extension 'colcon_meta'
[0.244s] Level 1:colcon.colcon_core.package_identification:_identify(src/learning_interface) by extensions ['ros']
[0.244s] Level 1:colcon.colcon_core.package_identification:_identify(src/learning_interface) by extension 'ros'
[0.250s] DEBUG:colcon.colcon_core.package_identification:Package 'src/learning_interface' with type 'ros.ament_python' and name 'learning_interface'
[0.250s] Level 1:colcon.colcon_core.package_identification:_identify(src/yyh_nav) by extensions ['ignore', 'ignore_ament_install']
[0.250s] Level 1:colcon.colcon_core.package_identification:_identify(src/yyh_nav) by extension 'ignore'
[0.250s] Level 1:colcon.colcon_core.package_identification:_identify(src/yyh_nav) by extension 'ignore_ament_install'
[0.250s] Level 1:colcon.colcon_core.package_identification:_identify(src/yyh_nav) by extensions ['colcon_pkg']
[0.250s] Level 1:colcon.colcon_core.package_identification:_identify(src/yyh_nav) by extension 'colcon_pkg'
[0.250s] Level 1:colcon.colcon_core.package_identification:_identify(src/yyh_nav) by extensions ['colcon_meta']
[0.250s] Level 1:colcon.colcon_core.package_identification:_identify(src/yyh_nav) by extension 'colcon_meta'
[0.250s] Level 1:colcon.colcon_core.package_identification:_identify(src/yyh_nav) by extensions ['ros']
[0.250s] Level 1:colcon.colcon_core.package_identification:_identify(src/yyh_nav) by extension 'ros'
[0.251s] DEBUG:colcon.colcon_core.package_identification:Package 'src/yyh_nav' with type 'ros.ament_python' and name 'yyh_nav'
[0.251s] Level 1:colcon.colcon_core.package_identification:_identify(src/yyh_object) by extensions ['ignore', 'ignore_ament_install']
[0.251s] Level 1:colcon.colcon_core.package_identification:_identify(src/yyh_object) by extension 'ignore'
[0.251s] Level 1:colcon.colcon_core.package_identification:_identify(src/yyh_object) by extension 'ignore_ament_install'
[0.251s] Level 1:colcon.colcon_core.package_identification:_identify(src/yyh_object) by extensions ['colcon_pkg']
[0.251s] Level 1:colcon.colcon_core.package_identification:_identify(src/yyh_object) by extension 'colcon_pkg'
[0.252s] Level 1:colcon.colcon_core.package_identification:_identify(src/yyh_object) by extensions ['colcon_meta']
[0.252s] Level 1:colcon.colcon_core.package_identification:_identify(src/yyh_object) by extension 'colcon_meta'
[0.252s] Level 1:colcon.colcon_core.package_identification:_identify(src/yyh_object) by extensions ['ros']
[0.252s] Level 1:colcon.colcon_core.package_identification:_identify(src/yyh_object) by extension 'ros'
[0.252s] DEBUG:colcon.colcon_core.package_identification:Package 'src/yyh_object' with type 'ros.ament_python' and name 'yyh_object'
[0.252s] Level 1:colcon.colcon_core.package_discovery:discover_packages(recursive) using defaults
[0.252s] Level 1:colcon.colcon_core.package_discovery:discover_packages(ignore) discover
[0.252s] Level 1:colcon.colcon_core.package_discovery:discover_packages(ignore) using defaults
[0.252s] Level 1:colcon.colcon_core.package_discovery:discover_packages(path) discover
[0.252s] Level 1:colcon.colcon_core.package_discovery:discover_packages(path) using defaults
[0.278s] Level 1:colcon.colcon_core.package_discovery:discover_packages(prefix_path) check parameters
[0.278s] Level 1:colcon.colcon_core.package_discovery:discover_packages(prefix_path) discover
[0.280s] DEBUG:colcon.colcon_installed_package_information.package_discovery:Found 3 installed packages in /home/yyh/ros2_ws/install
[0.282s] DEBUG:colcon.colcon_installed_package_information.package_discovery:Found 285 installed packages in /opt/ros/jazzy
[0.283s] Level 1:colcon.colcon_core.package_discovery:discover_packages(prefix_path) using defaults
[0.345s] Level 5:colcon.colcon_core.verb:set package 'learning_interface' build argument 'cmake_args' from command line to 'None'
[0.345s] Level 5:colcon.colcon_core.verb:set package 'learning_interface' build argument 'cmake_target' from command line to 'None'
[0.345s] Level 5:colcon.colcon_core.verb:set package 'learning_interface' build argument 'cmake_target_skip_unavailable' from command line to 'False'
[0.345s] Level 5:colcon.colcon_core.verb:set package 'learning_interface' build argument 'cmake_clean_cache' from command line to 'False'
[0.345s] Level 5:colcon.colcon_core.verb:set package 'learning_interface' build argument 'cmake_clean_first' from command line to 'False'
[0.345s] Level 5:colcon.colcon_core.verb:set package 'learning_interface' build argument 'cmake_force_configure' from command line to 'False'
[0.345s] Level 5:colcon.colcon_core.verb:set package 'learning_interface' build argument 'ament_cmake_args' from command line to 'None'
[0.345s] Level 5:colcon.colcon_core.verb:set package 'learning_interface' build argument 'catkin_cmake_args' from command line to 'None'
[0.345s] Level 5:colcon.colcon_core.verb:set package 'learning_interface' build argument 'catkin_skip_building_tests' from command line to 'False'
[0.345s] DEBUG:colcon.colcon_core.verb:Building package 'learning_interface' with the following arguments: {'ament_cmake_args': None, 'build_base': '/home/yyh/ros2_ws/build/learning_interface', 'catkin_cmake_args': None, 'catkin_skip_building_tests': False, 'cmake_args': None, 'cmake_clean_cache': False, 'cmake_clean_first': False, 'cmake_force_configure': False, 'cmake_target': None, 'cmake_target_skip_unavailable': False, 'install_base': '/home/yyh/ros2_ws/install/learning_interface', 'merge_install': False, 'path': '/home/yyh/ros2_ws/src/learning_interface', 'symlink_install': False, 'test_result_base': None}
[0.345s] Level 5:colcon.colcon_core.verb:set package 'yyh_nav' build argument 'cmake_args' from command line to 'None'
[0.346s] Level 5:colcon.colcon_core.verb:set package 'yyh_nav' build argument 'cmake_target' from command line to 'None'
[0.346s] Level 5:colcon.colcon_core.verb:set package 'yyh_nav' build argument 'cmake_target_skip_unavailable' from command line to 'False'
[0.346s] Level 5:colcon.colcon_core.verb:set package 'yyh_nav' build argument 'cmake_clean_cache' from command line to 'False'
[0.346s] Level 5:colcon.colcon_core.verb:set package 'yyh_nav' build argument 'cmake_clean_first' from command line to 'False'
[0.346s] Level 5:colcon.colcon_core.verb:set package 'yyh_nav' build argument 'cmake_force_configure' from command line to 'False'
[0.346s] Level 5:colcon.colcon_core.verb:set package 'yyh_nav' build argument 'ament_cmake_args' from command line to 'None'
[0.346s] Level 5:colcon.colcon_core.verb:set package 'yyh_nav' build argument 'catkin_cmake_args' from command line to 'None'
[0.346s] Level 5:colcon.colcon_core.verb:set package 'yyh_nav' build argument 'catkin_skip_building_tests' from command line to 'False'
[0.346s] DEBUG:colcon.colcon_core.verb:Building package 'yyh_nav' with the following arguments: {'ament_cmake_args': None, 'build_base': '/home/yyh/ros2_ws/build/yyh_nav', 'catkin_cmake_args': None, 'catkin_skip_building_tests': False, 'cmake_args': None, 'cmake_clean_cache': False, 'cmake_clean_first': False, 'cmake_force_configure': False, 'cmake_target': None, 'cmake_target_skip_unavailable': False, 'install_base': '/home/yyh/ros2_ws/install/yyh_nav', 'merge_install': False, 'path': '/home/yyh/ros2_ws/src/yyh_nav', 'symlink_install': False, 'test_result_base': None}
[0.346s] Level 5:colcon.colcon_core.verb:set package 'yyh_object' build argument 'cmake_args' from command line to 'None'
[0.346s] Level 5:colcon.colcon_core.verb:set package 'yyh_object' build argument 'cmake_target' from command line to 'None'
[0.346s] Level 5:colcon.colcon_core.verb:set package 'yyh_object' build argument 'cmake_target_skip_unavailable' from command line to 'False'
[0.346s] Level 5:colcon.colcon_core.verb:set package 'yyh_object' build argument 'cmake_clean_cache' from command line to 'False'
[0.346s] Level 5:colcon.colcon_core.verb:set package 'yyh_object' build argument 'cmake_clean_first' from command line to 'False'
[0.346s] Level 5:colcon.colcon_core.verb:set package 'yyh_object' build argument 'cmake_force_configure' from command line to 'False'
[0.346s] Level 5:colcon.colcon_core.verb:set package 'yyh_object' build argument 'ament_cmake_args' from command line to 'None'
[0.346s] Level 5:colcon.colcon_core.verb:set package 'yyh_object' build argument 'catkin_cmake_args' from command line to 'None'
[0.346s] Level 5:colcon.colcon_core.verb:set package 'yyh_object' build argument 'catkin_skip_building_tests' from command line to 'False'
[0.346s] DEBUG:colcon.colcon_core.verb:Building package 'yyh_object' with the following arguments: {'ament_cmake_args': None, 'build_base': '/home/yyh/ros2_ws/build/yyh_object', 'catkin_cmake_args': None, 'catkin_skip_building_tests': False, 'cmake_args': None, 'cmake_clean_cache': False, 'cmake_clean_first': False, 'cmake_force_configure': False, 'cmake_target': None, 'cmake_target_skip_unavailable': False, 'install_base': '/home/yyh/ros2_ws/install/yyh_object', 'merge_install': False, 'path': '/home/yyh/ros2_ws/src/yyh_object', 'symlink_install': False, 'test_result_base': None}
[0.347s] INFO:colcon.colcon_core.executor:Executing jobs using 'parallel' executor
[0.348s] DEBUG:colcon.colcon_parallel_executor.executor.parallel:run_until_complete
[0.348s] INFO:colcon.colcon_ros.task.ament_python.build:Building ROS package in '/home/yyh/ros2_ws/src/learning_interface' with build type 'ament_python'
[0.349s] Level 1:colcon.colcon_core.shell:create_environment_hook('learning_interface', 'ament_prefix_path')
[0.351s] INFO:colcon.colcon_core.plugin_system:Skipping extension 'colcon_core.shell.bat': Not used on non-Windows systems
[0.352s] INFO:colcon.colcon_core.shell:Creating environment hook '/home/yyh/ros2_ws/install/learning_interface/share/learning_interface/hook/ament_prefix_path.ps1'
[0.353s] INFO:colcon.colcon_core.shell:Creating environment descriptor '/home/yyh/ros2_ws/install/learning_interface/share/learning_interface/hook/ament_prefix_path.dsv'
[0.354s] INFO:colcon.colcon_core.shell:Creating environment hook '/home/yyh/ros2_ws/install/learning_interface/share/learning_interface/hook/ament_prefix_path.sh'
[0.355s] INFO:colcon.colcon_core.shell:Skip shell extension 'powershell' for command environment: Not usable outside of PowerShell
[0.355s] DEBUG:colcon.colcon_core.shell:Skip shell extension 'dsv' for command environment
[0.360s] INFO:colcon.colcon_ros.task.ament_python.build:Building ROS package in '/home/yyh/ros2_ws/src/yyh_nav' with build type 'ament_python'
[0.360s] Level 1:colcon.colcon_core.shell:create_environment_hook('yyh_nav', 'ament_prefix_path')
[0.361s] INFO:colcon.colcon_core.shell:Creating environment hook '/home/yyh/ros2_ws/install/yyh_nav/share/yyh_nav/hook/ament_prefix_path.ps1'
[0.362s] INFO:colcon.colcon_core.shell:Creating environment descriptor '/home/yyh/ros2_ws/install/yyh_nav/share/yyh_nav/hook/ament_prefix_path.dsv'
[0.363s] INFO:colcon.colcon_core.shell:Creating environment hook '/home/yyh/ros2_ws/install/yyh_nav/share/yyh_nav/hook/ament_prefix_path.sh'
[0.364s] INFO:colcon.colcon_core.shell:Skip shell extension 'powershell' for command environment: Not usable outside of PowerShell
[0.364s] DEBUG:colcon.colcon_core.shell:Skip shell extension 'dsv' for command environment
[0.369s] INFO:colcon.colcon_ros.task.ament_python.build:Building ROS package in '/home/yyh/ros2_ws/src/yyh_object' with build type 'ament_python'
[0.369s] Level 1:colcon.colcon_core.shell:create_environment_hook('yyh_object', 'ament_prefix_path')
[0.370s] INFO:colcon.colcon_core.shell:Creating environment hook '/home/yyh/ros2_ws/install/yyh_object/share/yyh_object/hook/ament_prefix_path.ps1'
[0.370s] INFO:colcon.colcon_core.shell:Creating environment descriptor '/home/yyh/ros2_ws/install/yyh_object/share/yyh_object/hook/ament_prefix_path.dsv'
[0.371s] INFO:colcon.colcon_core.shell:Creating environment hook '/home/yyh/ros2_ws/install/yyh_object/share/yyh_object/hook/ament_prefix_path.sh'
[0.372s] INFO:colcon.colcon_core.shell:Skip shell extension 'powershell' for command environment: Not usable outside of PowerShell
[0.372s] DEBUG:colcon.colcon_core.shell:Skip shell extension 'dsv' for command environment
[0.723s] INFO:colcon.colcon_core.task.python.build:Building Python package in '/home/yyh/ros2_ws/src/learning_interface'
[0.724s] INFO:colcon.colcon_core.shell:Skip shell extension 'powershell' for command environment: Not usable outside of PowerShell
[0.724s] DEBUG:colcon.colcon_core.shell:Skip shell extension 'dsv' for command environment
[1.071s] INFO:colcon.colcon_core.task.python.build:Building Python package in '/home/yyh/ros2_ws/src/yyh_nav'
[1.072s] INFO:colcon.colcon_core.shell:Skip shell extension 'powershell' for command environment: Not usable outside of PowerShell
[1.072s] DEBUG:colcon.colcon_core.shell:Skip shell extension 'dsv' for command environment
[1.418s] INFO:colcon.colcon_core.task.python.build:Building Python package in '/home/yyh/ros2_ws/src/yyh_object'
[1.419s] INFO:colcon.colcon_core.shell:Skip shell extension 'powershell' for command environment: Not usable outside of PowerShell
[1.419s] DEBUG:colcon.colcon_core.shell:Skip shell extension 'dsv' for command environment
[2.530s] DEBUG:colcon.colcon_core.event_handler.log_command:Invoking command in '/home/yyh/ros2_ws/src/learning_interface': DEBUGINFOD_URLS=https://debuginfod.ubuntu.com PYTHONPATH=/home/yyh/ros2_ws/build/learning_interface/prefix_override:/usr/lib/python3/dist-packages/colcon_core/task/python/colcon_distutils_commands:/home/yyh/ros2_ws/install/learning_interface/lib/python3.12/site-packages:${PYTHONPATH} VIRTUAL_ENV_PROMPT=(gongchuang) /usr/bin/python3 -W ignore:setup.py install is deprecated setup.py egg_info --egg-base ../../build/learning_interface build --build-base /home/yyh/ros2_ws/build/learning_interface/build install --record /home/yyh/ros2_ws/build/learning_interface/install.log --single-version-externally-managed install_data
[2.542s] DEBUG:colcon.colcon_core.event_handler.log_command:Invoking command in '/home/yyh/ros2_ws/src/yyh_object': DEBUGINFOD_URLS=https://debuginfod.ubuntu.com PYTHONPATH=/home/yyh/ros2_ws/build/yyh_object/prefix_override:/usr/lib/python3/dist-packages/colcon_core/task/python/colcon_distutils_commands:/home/yyh/ros2_ws/install/yyh_object/lib/python3.12/site-packages:${PYTHONPATH} VIRTUAL_ENV_PROMPT=(gongchuang) /usr/bin/python3 -W ignore:setup.py install is deprecated setup.py egg_info --egg-base ../../build/yyh_object build --build-base /home/yyh/ros2_ws/build/yyh_object/build install --record /home/yyh/ros2_ws/build/yyh_object/install.log --single-version-externally-managed install_data
[2.554s] DEBUG:colcon.colcon_core.event_handler.log_command:Invoking command in '/home/yyh/ros2_ws/src/yyh_nav': DEBUGINFOD_URLS=https://debuginfod.ubuntu.com PYTHONPATH=/home/yyh/ros2_ws/build/yyh_nav/prefix_override:/usr/lib/python3/dist-packages/colcon_core/task/python/colcon_distutils_commands:/home/yyh/ros2_ws/install/yyh_nav/lib/python3.12/site-packages:${PYTHONPATH} VIRTUAL_ENV_PROMPT=(gongchuang) /usr/bin/python3 -W ignore:setup.py install is deprecated setup.py egg_info --egg-base ../../build/yyh_nav build --build-base /home/yyh/ros2_ws/build/yyh_nav/build install --record /home/yyh/ros2_ws/build/yyh_nav/install.log --single-version-externally-managed install_data
[3.448s] DEBUG:colcon.colcon_core.event_handler.log_command:Invoked command in '/home/yyh/ros2_ws/src/learning_interface' returned '0': DEBUGINFOD_URLS=https://debuginfod.ubuntu.com PYTHONPATH=/home/yyh/ros2_ws/build/learning_interface/prefix_override:/usr/lib/python3/dist-packages/colcon_core/task/python/colcon_distutils_commands:/home/yyh/ros2_ws/install/learning_interface/lib/python3.12/site-packages:${PYTHONPATH} VIRTUAL_ENV_PROMPT=(gongchuang) /usr/bin/python3 -W ignore:setup.py install is deprecated setup.py egg_info --egg-base ../../build/learning_interface build --build-base /home/yyh/ros2_ws/build/learning_interface/build install --record /home/yyh/ros2_ws/build/learning_interface/install.log --single-version-externally-managed install_data
[3.452s] Level 1:colcon.colcon_core.environment:checking '/home/yyh/ros2_ws/install/learning_interface' for CMake module files
[3.453s] Level 1:colcon.colcon_core.environment:checking '/home/yyh/ros2_ws/install/learning_interface' for CMake config files
[3.455s] Level 1:colcon.colcon_core.environment:checking '/home/yyh/ros2_ws/install/learning_interface/lib'
[3.455s] Level 1:colcon.colcon_core.environment:checking '/home/yyh/ros2_ws/install/learning_interface/bin'
[3.456s] Level 1:colcon.colcon_core.environment:checking '/home/yyh/ros2_ws/install/learning_interface/lib/pkgconfig/learning_interface.pc'
[3.456s] Level 1:colcon.colcon_core.environment:checking '/home/yyh/ros2_ws/install/learning_interface/lib/python3.12/site-packages'
[3.457s] Level 1:colcon.colcon_core.shell:create_environment_hook('learning_interface', 'pythonpath')
[3.457s] INFO:colcon.colcon_core.shell:Creating environment hook '/home/yyh/ros2_ws/install/learning_interface/share/learning_interface/hook/pythonpath.ps1'
[3.459s] INFO:colcon.colcon_core.shell:Creating environment descriptor '/home/yyh/ros2_ws/install/learning_interface/share/learning_interface/hook/pythonpath.dsv'
[3.460s] INFO:colcon.colcon_core.shell:Creating environment hook '/home/yyh/ros2_ws/install/learning_interface/share/learning_interface/hook/pythonpath.sh'
[3.462s] Level 1:colcon.colcon_core.environment:checking '/home/yyh/ros2_ws/install/learning_interface/bin'
[3.462s] Level 1:colcon.colcon_core.environment:create_environment_scripts_only(learning_interface)
[3.462s] INFO:colcon.colcon_core.shell:Creating package script '/home/yyh/ros2_ws/install/learning_interface/share/learning_interface/package.ps1'
[3.465s] INFO:colcon.colcon_core.shell:Creating package descriptor '/home/yyh/ros2_ws/install/learning_interface/share/learning_interface/package.dsv'
[3.466s] INFO:colcon.colcon_core.shell:Creating package script '/home/yyh/ros2_ws/install/learning_interface/share/learning_interface/package.sh'
[3.468s] INFO:colcon.colcon_core.shell:Creating package script '/home/yyh/ros2_ws/install/learning_interface/share/learning_interface/package.bash'
[3.469s] INFO:colcon.colcon_core.shell:Creating package script '/home/yyh/ros2_ws/install/learning_interface/share/learning_interface/package.zsh'
[3.470s] Level 1:colcon.colcon_core.environment:create_file_with_runtime_dependencies(/home/yyh/ros2_ws/install/learning_interface/share/colcon-core/packages/learning_interface)
[3.473s] Level 1:colcon.colcon_core.environment:checking '/home/yyh/ros2_ws/install/yyh_nav' for CMake module files
[3.474s] DEBUG:colcon.colcon_core.event_handler.log_command:Invoked command in '/home/yyh/ros2_ws/src/yyh_nav' returned '0': DEBUGINFOD_URLS=https://debuginfod.ubuntu.com PYTHONPATH=/home/yyh/ros2_ws/build/yyh_nav/prefix_override:/usr/lib/python3/dist-packages/colcon_core/task/python/colcon_distutils_commands:/home/yyh/ros2_ws/install/yyh_nav/lib/python3.12/site-packages:${PYTHONPATH} VIRTUAL_ENV_PROMPT=(gongchuang) /usr/bin/python3 -W ignore:setup.py install is deprecated setup.py egg_info --egg-base ../../build/yyh_nav build --build-base /home/yyh/ros2_ws/build/yyh_nav/build install --record /home/yyh/ros2_ws/build/yyh_nav/install.log --single-version-externally-managed install_data
[3.475s] Level 1:colcon.colcon_core.environment:checking '/home/yyh/ros2_ws/install/yyh_nav' for CMake config files
[3.476s] Level 1:colcon.colcon_core.environment:checking '/home/yyh/ros2_ws/install/yyh_nav/lib'
[3.476s] Level 1:colcon.colcon_core.environment:checking '/home/yyh/ros2_ws/install/yyh_nav/bin'
[3.476s] Level 1:colcon.colcon_core.environment:checking '/home/yyh/ros2_ws/install/yyh_nav/lib/pkgconfig/yyh_nav.pc'
[3.477s] Level 1:colcon.colcon_core.environment:checking '/home/yyh/ros2_ws/install/yyh_nav/lib/python3.12/site-packages'
[3.478s] Level 1:colcon.colcon_core.shell:create_environment_hook('yyh_nav', 'pythonpath')
[3.478s] INFO:colcon.colcon_core.shell:Creating environment hook '/home/yyh/ros2_ws/install/yyh_nav/share/yyh_nav/hook/pythonpath.ps1'
[3.479s] INFO:colcon.colcon_core.shell:Creating environment descriptor '/home/yyh/ros2_ws/install/yyh_nav/share/yyh_nav/hook/pythonpath.dsv'
[3.481s] INFO:colcon.colcon_core.shell:Creating environment hook '/home/yyh/ros2_ws/install/yyh_nav/share/yyh_nav/hook/pythonpath.sh'
[3.482s] Level 1:colcon.colcon_core.environment:checking '/home/yyh/ros2_ws/install/yyh_nav/bin'
[3.482s] Level 1:colcon.colcon_core.environment:create_environment_scripts_only(yyh_nav)
[3.483s] INFO:colcon.colcon_core.shell:Creating package script '/home/yyh/ros2_ws/install/yyh_nav/share/yyh_nav/package.ps1'
[3.484s] INFO:colcon.colcon_core.shell:Creating package descriptor '/home/yyh/ros2_ws/install/yyh_nav/share/yyh_nav/package.dsv'
[3.485s] INFO:colcon.colcon_core.shell:Creating package script '/home/yyh/ros2_ws/install/yyh_nav/share/yyh_nav/package.sh'
[3.486s] INFO:colcon.colcon_core.shell:Creating package script '/home/yyh/ros2_ws/install/yyh_nav/share/yyh_nav/package.bash'
[3.487s] INFO:colcon.colcon_core.shell:Creating package script '/home/yyh/ros2_ws/install/yyh_nav/share/yyh_nav/package.zsh'
[3.488s] Level 1:colcon.colcon_core.environment:create_file_with_runtime_dependencies(/home/yyh/ros2_ws/install/yyh_nav/share/colcon-core/packages/yyh_nav)
[3.520s] Level 1:colcon.colcon_core.environment:checking '/home/yyh/ros2_ws/install/yyh_object' for CMake module files
[3.521s] DEBUG:colcon.colcon_core.event_handler.log_command:Invoked command in '/home/yyh/ros2_ws/src/yyh_object' returned '0': DEBUGINFOD_URLS=https://debuginfod.ubuntu.com PYTHONPATH=/home/yyh/ros2_ws/build/yyh_object/prefix_override:/usr/lib/python3/dist-packages/colcon_core/task/python/colcon_distutils_commands:/home/yyh/ros2_ws/install/yyh_object/lib/python3.12/site-packages:${PYTHONPATH} VIRTUAL_ENV_PROMPT=(gongchuang) /usr/bin/python3 -W ignore:setup.py install is deprecated setup.py egg_info --egg-base ../../build/yyh_object build --build-base /home/yyh/ros2_ws/build/yyh_object/build install --record /home/yyh/ros2_ws/build/yyh_object/install.log --single-version-externally-managed install_data
[3.522s] Level 1:colcon.colcon_core.environment:checking '/home/yyh/ros2_ws/install/yyh_object' for CMake config files
[3.523s] Level 1:colcon.colcon_core.environment:checking '/home/yyh/ros2_ws/install/yyh_object/lib'
[3.523s] Level 1:colcon.colcon_core.environment:checking '/home/yyh/ros2_ws/install/yyh_object/bin'
[3.523s] Level 1:colcon.colcon_core.environment:checking '/home/yyh/ros2_ws/install/yyh_object/lib/pkgconfig/yyh_object.pc'
[3.523s] Level 1:colcon.colcon_core.environment:checking '/home/yyh/ros2_ws/install/yyh_object/lib/python3.12/site-packages'
[3.523s] Level 1:colcon.colcon_core.shell:create_environment_hook('yyh_object', 'pythonpath')
[3.524s] INFO:colcon.colcon_core.shell:Creating environment hook '/home/yyh/ros2_ws/install/yyh_object/share/yyh_object/hook/pythonpath.ps1'
[3.525s] INFO:colcon.colcon_core.shell:Creating environment descriptor '/home/yyh/ros2_ws/install/yyh_object/share/yyh_object/hook/pythonpath.dsv'
[3.525s] INFO:colcon.colcon_core.shell:Creating environment hook '/home/yyh/ros2_ws/install/yyh_object/share/yyh_object/hook/pythonpath.sh'
[3.526s] Level 1:colcon.colcon_core.environment:checking '/home/yyh/ros2_ws/install/yyh_object/bin'
[3.527s] Level 1:colcon.colcon_core.environment:create_environment_scripts_only(yyh_object)
[3.527s] INFO:colcon.colcon_core.shell:Creating package script '/home/yyh/ros2_ws/install/yyh_object/share/yyh_object/package.ps1'
[3.528s] INFO:colcon.colcon_core.shell:Creating package descriptor '/home/yyh/ros2_ws/install/yyh_object/share/yyh_object/package.dsv'
[3.528s] INFO:colcon.colcon_core.shell:Creating package script '/home/yyh/ros2_ws/install/yyh_object/share/yyh_object/package.sh'
[3.529s] INFO:colcon.colcon_core.shell:Creating package script '/home/yyh/ros2_ws/install/yyh_object/share/yyh_object/package.bash'
[3.530s] INFO:colcon.colcon_core.shell:Creating package script '/home/yyh/ros2_ws/install/yyh_object/share/yyh_object/package.zsh'
[3.531s] Level 1:colcon.colcon_core.environment:create_file_with_runtime_dependencies(/home/yyh/ros2_ws/install/yyh_object/share/colcon-core/packages/yyh_object)
[3.531s] DEBUG:colcon.colcon_parallel_executor.executor.parallel:closing loop
[3.531s] DEBUG:colcon.colcon_parallel_executor.executor.parallel:loop closed
[3.532s] DEBUG:colcon.colcon_parallel_executor.executor.parallel:run_until_complete finished with '0'
[3.532s] DEBUG:colcon.colcon_core.event_reactor:joining thread
[3.542s] INFO:colcon.colcon_core.plugin_system:Skipping extension 'colcon_notification.desktop_notification.terminal_notifier': Not used on non-Darwin systems
[3.542s] INFO:colcon.colcon_core.plugin_system:Skipping extension 'colcon_notification.desktop_notification.win32': Not used on non-Windows systems
[3.542s] INFO:colcon.colcon_notification.desktop_notification:Sending desktop notification using 'notify2'
[3.567s] DEBUG:colcon.colcon_core.event_reactor:joined thread
[3.568s] INFO:colcon.colcon_core.shell:Creating prefix script '/home/yyh/ros2_ws/install/local_setup.ps1'
[3.569s] INFO:colcon.colcon_core.shell:Creating prefix util module '/home/yyh/ros2_ws/install/_local_setup_util_ps1.py'
[3.571s] INFO:colcon.colcon_core.shell:Creating prefix chain script '/home/yyh/ros2_ws/install/setup.ps1'
[3.573s] INFO:colcon.colcon_core.shell:Creating prefix script '/home/yyh/ros2_ws/install/local_setup.sh'
[3.573s] INFO:colcon.colcon_core.shell:Creating prefix util module '/home/yyh/ros2_ws/install/_local_setup_util_sh.py'
[3.574s] INFO:colcon.colcon_core.shell:Creating prefix chain script '/home/yyh/ros2_ws/install/setup.sh'
[3.576s] INFO:colcon.colcon_core.shell:Creating prefix script '/home/yyh/ros2_ws/install/local_setup.bash'
[3.576s] INFO:colcon.colcon_core.shell:Creating prefix chain script '/home/yyh/ros2_ws/install/setup.bash'
[3.578s] INFO:colcon.colcon_core.shell:Creating prefix script '/home/yyh/ros2_ws/install/local_setup.zsh'
[3.578s] INFO:colcon.colcon_core.shell:Creating prefix chain script '/home/yyh/ros2_ws/install/setup.zsh'
