[0.358s] DEBUG:colcon:Command line arguments: ['/usr/bin/colcon', 'build']
[0.358s] DEBUG:colcon:Parsed command line arguments: Namespace(log_base=None, log_level=None, verb_name='build', build_base='build', install_base='install', merge_install=False, symlink_install=False, test_result_base=None, continue_on_error=False, executor='parallel', parallel_workers=4, event_handlers=None, ignore_user_meta=False, metas=['./colcon.meta'], base_paths=['.'], packages_ignore=None, packages_ignore_regex=None, paths=None, packages_up_to=None, packages_up_to_regex=None, packages_above=None, packages_above_and_dependencies=None, packages_above_depth=None, packages_select_by_dep=None, packages_skip_by_dep=None, packages_skip_up_to=None, packages_select_build_failed=False, packages_skip_build_finished=False, packages_select_test_failures=False, packages_skip_test_passed=False, packages_select=None, packages_skip=None, packages_select_regex=None, packages_skip_regex=None, packages_start=None, packages_end=None, allow_overriding=[], cmake_args=None, cmake_target=None, cmake_target_skip_unavailable=False, cmake_clean_cache=False, cmake_clean_first=False, cmake_force_configure=False, ament_cmake_args=None, catkin_cmake_args=None, catkin_skip_building_tests=False, verb_parser=<colcon_defaults.argument_parser.defaults.DefaultArgumentsDecorator object at 0xffff9f430a70>, verb_extension=<colcon_core.verb.build.BuildVerb object at 0xffff9f61e180>, main=<bound method BuildVerb.main of <colcon_core.verb.build.BuildVerb object at 0xffff9f61e180>>)
[0.443s] Level 1:colcon.colcon_core.package_discovery:discover_packages(colcon_meta) check parameters
[0.444s] Level 1:colcon.colcon_core.package_discovery:discover_packages(recursive) check parameters
[0.444s] Level 1:colcon.colcon_core.package_discovery:discover_packages(ignore) check parameters
[0.444s] Level 1:colcon.colcon_core.package_discovery:discover_packages(path) check parameters
[0.444s] Level 1:colcon.colcon_core.package_discovery:discover_packages(colcon_meta) discover
[0.444s] Level 1:colcon.colcon_core.package_discovery:discover_packages(recursive) discover
[0.444s] INFO:colcon.colcon_core.package_discovery:Crawling recursively for packages in '/home/yyh/ros2_ws'
[0.444s] Level 1:colcon.colcon_core.package_identification:_identify(.) by extensions ['ignore', 'ignore_ament_install']
[0.444s] Level 1:colcon.colcon_core.package_identification:_identify(.) by extension 'ignore'
[0.444s] Level 1:colcon.colcon_core.package_identification:_identify(.) by extension 'ignore_ament_install'
[0.444s] Level 1:colcon.colcon_core.package_identification:_identify(.) by extensions ['colcon_pkg']
[0.445s] Level 1:colcon.colcon_core.package_identification:_identify(.) by extension 'colcon_pkg'
[0.445s] Level 1:colcon.colcon_core.package_identification:_identify(.) by extensions ['colcon_meta']
[0.445s] Level 1:colcon.colcon_core.package_identification:_identify(.) by extension 'colcon_meta'
[0.445s] Level 1:colcon.colcon_core.package_identification:_identify(.) by extensions ['ros']
[0.445s] Level 1:colcon.colcon_core.package_identification:_identify(.) by extension 'ros'
[0.499s] Level 1:colcon.colcon_core.package_identification:_identify(.) by extensions ['cmake', 'python']
[0.500s] Level 1:colcon.colcon_core.package_identification:_identify(.) by extension 'cmake'
[0.500s] Level 1:colcon.colcon_core.package_identification:_identify(.) by extension 'python'
[0.500s] Level 1:colcon.colcon_core.package_identification:_identify(.) by extensions ['python_setup_py']
[0.500s] Level 1:colcon.colcon_core.package_identification:_identify(.) by extension 'python_setup_py'
[0.500s] Level 1:colcon.colcon_core.package_identification:_identify(build) by extensions ['ignore', 'ignore_ament_install']
[0.500s] Level 1:colcon.colcon_core.package_identification:_identify(build) by extension 'ignore'
[0.500s] Level 1:colcon.colcon_core.package_identification:_identify(build) ignored
[0.500s] Level 1:colcon.colcon_core.package_identification:_identify(install) by extensions ['ignore', 'ignore_ament_install']
[0.500s] Level 1:colcon.colcon_core.package_identification:_identify(install) by extension 'ignore'
[0.501s] Level 1:colcon.colcon_core.package_identification:_identify(install) ignored
[0.501s] Level 1:colcon.colcon_core.package_identification:_identify(log) by extensions ['ignore', 'ignore_ament_install']
[0.501s] Level 1:colcon.colcon_core.package_identification:_identify(log) by extension 'ignore'
[0.501s] Level 1:colcon.colcon_core.package_identification:_identify(log) ignored
[0.501s] Level 1:colcon.colcon_core.package_identification:_identify(src) by extensions ['ignore', 'ignore_ament_install']
[0.501s] Level 1:colcon.colcon_core.package_identification:_identify(src) by extension 'ignore'
[0.501s] Level 1:colcon.colcon_core.package_identification:_identify(src) by extension 'ignore_ament_install'
[0.501s] Level 1:colcon.colcon_core.package_identification:_identify(src) by extensions ['colcon_pkg']
[0.501s] Level 1:colcon.colcon_core.package_identification:_identify(src) by extension 'colcon_pkg'
[0.501s] Level 1:colcon.colcon_core.package_identification:_identify(src) by extensions ['colcon_meta']
[0.501s] Level 1:colcon.colcon_core.package_identification:_identify(src) by extension 'colcon_meta'
[0.501s] Level 1:colcon.colcon_core.package_identification:_identify(src) by extensions ['ros']
[0.501s] Level 1:colcon.colcon_core.package_identification:_identify(src) by extension 'ros'
[0.501s] Level 1:colcon.colcon_core.package_identification:_identify(src) by extensions ['cmake', 'python']
[0.501s] Level 1:colcon.colcon_core.package_identification:_identify(src) by extension 'cmake'
[0.501s] Level 1:colcon.colcon_core.package_identification:_identify(src) by extension 'python'
[0.501s] Level 1:colcon.colcon_core.package_identification:_identify(src) by extensions ['python_setup_py']
[0.501s] Level 1:colcon.colcon_core.package_identification:_identify(src) by extension 'python_setup_py'
[0.502s] Level 1:colcon.colcon_core.package_identification:_identify(src/yyh_nav) by extensions ['ignore', 'ignore_ament_install']
[0.502s] Level 1:colcon.colcon_core.package_identification:_identify(src/yyh_nav) by extension 'ignore'
[0.502s] Level 1:colcon.colcon_core.package_identification:_identify(src/yyh_nav) by extension 'ignore_ament_install'
[0.502s] Level 1:colcon.colcon_core.package_identification:_identify(src/yyh_nav) by extensions ['colcon_pkg']
[0.502s] Level 1:colcon.colcon_core.package_identification:_identify(src/yyh_nav) by extension 'colcon_pkg'
[0.502s] Level 1:colcon.colcon_core.package_identification:_identify(src/yyh_nav) by extensions ['colcon_meta']
[0.502s] Level 1:colcon.colcon_core.package_identification:_identify(src/yyh_nav) by extension 'colcon_meta'
[0.502s] Level 1:colcon.colcon_core.package_identification:_identify(src/yyh_nav) by extensions ['ros']
[0.502s] Level 1:colcon.colcon_core.package_identification:_identify(src/yyh_nav) by extension 'ros'
[0.502s] Level 1:colcon.colcon_core.package_identification:_identify(src/yyh_nav) by extensions ['cmake', 'python']
[0.502s] Level 1:colcon.colcon_core.package_identification:_identify(src/yyh_nav) by extension 'cmake'
[0.502s] Level 1:colcon.colcon_core.package_identification:_identify(src/yyh_nav) by extension 'python'
[0.502s] Level 1:colcon.colcon_core.package_identification:_identify(src/yyh_nav) by extensions ['python_setup_py']
[0.502s] Level 1:colcon.colcon_core.package_identification:_identify(src/yyh_nav) by extension 'python_setup_py'
[0.502s] Level 1:colcon.colcon_core.package_identification:_identify(src/yyh_nav/build) by extensions ['ignore', 'ignore_ament_install']
[0.503s] Level 1:colcon.colcon_core.package_identification:_identify(src/yyh_nav/build) by extension 'ignore'
[0.503s] Level 1:colcon.colcon_core.package_identification:_identify(src/yyh_nav/build) by extension 'ignore_ament_install'
[0.503s] Level 1:colcon.colcon_core.package_identification:_identify(src/yyh_nav/build) by extensions ['colcon_pkg']
[0.503s] Level 1:colcon.colcon_core.package_identification:_identify(src/yyh_nav/build) by extension 'colcon_pkg'
[0.503s] Level 1:colcon.colcon_core.package_identification:_identify(src/yyh_nav/build) by extensions ['colcon_meta']
[0.503s] Level 1:colcon.colcon_core.package_identification:_identify(src/yyh_nav/build) by extension 'colcon_meta'
[0.503s] Level 1:colcon.colcon_core.package_identification:_identify(src/yyh_nav/build) by extensions ['ros']
[0.503s] Level 1:colcon.colcon_core.package_identification:_identify(src/yyh_nav/build) by extension 'ros'
[0.503s] Level 1:colcon.colcon_core.package_identification:_identify(src/yyh_nav/build) by extensions ['cmake', 'python']
[0.503s] Level 1:colcon.colcon_core.package_identification:_identify(src/yyh_nav/build) by extension 'cmake'
[0.503s] Level 1:colcon.colcon_core.package_identification:_identify(src/yyh_nav/build) by extension 'python'
[0.503s] Level 1:colcon.colcon_core.package_identification:_identify(src/yyh_nav/build) by extensions ['python_setup_py']
[0.503s] Level 1:colcon.colcon_core.package_identification:_identify(src/yyh_nav/build) by extension 'python_setup_py'
[0.503s] Level 1:colcon.colcon_core.package_identification:_identify(src/yyh_nav/build/lib) by extensions ['ignore', 'ignore_ament_install']
[0.503s] Level 1:colcon.colcon_core.package_identification:_identify(src/yyh_nav/build/lib) by extension 'ignore'
[0.504s] Level 1:colcon.colcon_core.package_identification:_identify(src/yyh_nav/build/lib) by extension 'ignore_ament_install'
[0.504s] Level 1:colcon.colcon_core.package_identification:_identify(src/yyh_nav/build/lib) by extensions ['colcon_pkg']
[0.504s] Level 1:colcon.colcon_core.package_identification:_identify(src/yyh_nav/build/lib) by extension 'colcon_pkg'
[0.504s] Level 1:colcon.colcon_core.package_identification:_identify(src/yyh_nav/build/lib) by extensions ['colcon_meta']
[0.504s] Level 1:colcon.colcon_core.package_identification:_identify(src/yyh_nav/build/lib) by extension 'colcon_meta'
[0.504s] Level 1:colcon.colcon_core.package_identification:_identify(src/yyh_nav/build/lib) by extensions ['ros']
[0.504s] Level 1:colcon.colcon_core.package_identification:_identify(src/yyh_nav/build/lib) by extension 'ros'
[0.504s] Level 1:colcon.colcon_core.package_identification:_identify(src/yyh_nav/build/lib) by extensions ['cmake', 'python']
[0.504s] Level 1:colcon.colcon_core.package_identification:_identify(src/yyh_nav/build/lib) by extension 'cmake'
[0.504s] Level 1:colcon.colcon_core.package_identification:_identify(src/yyh_nav/build/lib) by extension 'python'
[0.504s] Level 1:colcon.colcon_core.package_identification:_identify(src/yyh_nav/build/lib) by extensions ['python_setup_py']
[0.504s] Level 1:colcon.colcon_core.package_identification:_identify(src/yyh_nav/build/lib) by extension 'python_setup_py'
[0.504s] Level 1:colcon.colcon_core.package_identification:_identify(src/yyh_nav/build/lib/yyh_nav) by extensions ['ignore', 'ignore_ament_install']
[0.504s] Level 1:colcon.colcon_core.package_identification:_identify(src/yyh_nav/build/lib/yyh_nav) by extension 'ignore'
[0.504s] Level 1:colcon.colcon_core.package_identification:_identify(src/yyh_nav/build/lib/yyh_nav) by extension 'ignore_ament_install'
[0.504s] Level 1:colcon.colcon_core.package_identification:_identify(src/yyh_nav/build/lib/yyh_nav) by extensions ['colcon_pkg']
[0.504s] Level 1:colcon.colcon_core.package_identification:_identify(src/yyh_nav/build/lib/yyh_nav) by extension 'colcon_pkg'
[0.505s] Level 1:colcon.colcon_core.package_identification:_identify(src/yyh_nav/build/lib/yyh_nav) by extensions ['colcon_meta']
[0.505s] Level 1:colcon.colcon_core.package_identification:_identify(src/yyh_nav/build/lib/yyh_nav) by extension 'colcon_meta'
[0.505s] Level 1:colcon.colcon_core.package_identification:_identify(src/yyh_nav/build/lib/yyh_nav) by extensions ['ros']
[0.505s] Level 1:colcon.colcon_core.package_identification:_identify(src/yyh_nav/build/lib/yyh_nav) by extension 'ros'
[0.505s] Level 1:colcon.colcon_core.package_identification:_identify(src/yyh_nav/build/lib/yyh_nav) by extensions ['cmake', 'python']
[0.505s] Level 1:colcon.colcon_core.package_identification:_identify(src/yyh_nav/build/lib/yyh_nav) by extension 'cmake'
[0.505s] Level 1:colcon.colcon_core.package_identification:_identify(src/yyh_nav/build/lib/yyh_nav) by extension 'python'
[0.505s] Level 1:colcon.colcon_core.package_identification:_identify(src/yyh_nav/build/lib/yyh_nav) by extensions ['python_setup_py']
[0.505s] Level 1:colcon.colcon_core.package_identification:_identify(src/yyh_nav/build/lib/yyh_nav) by extension 'python_setup_py'
[0.505s] Level 1:colcon.colcon_core.package_identification:_identify(src/yyh_nav/prefix_override) by extensions ['ignore', 'ignore_ament_install']
[0.505s] Level 1:colcon.colcon_core.package_identification:_identify(src/yyh_nav/prefix_override) by extension 'ignore'
[0.505s] Level 1:colcon.colcon_core.package_identification:_identify(src/yyh_nav/prefix_override) by extension 'ignore_ament_install'
[0.505s] Level 1:colcon.colcon_core.package_identification:_identify(src/yyh_nav/prefix_override) by extensions ['colcon_pkg']
[0.505s] Level 1:colcon.colcon_core.package_identification:_identify(src/yyh_nav/prefix_override) by extension 'colcon_pkg'
[0.505s] Level 1:colcon.colcon_core.package_identification:_identify(src/yyh_nav/prefix_override) by extensions ['colcon_meta']
[0.505s] Level 1:colcon.colcon_core.package_identification:_identify(src/yyh_nav/prefix_override) by extension 'colcon_meta'
[0.505s] Level 1:colcon.colcon_core.package_identification:_identify(src/yyh_nav/prefix_override) by extensions ['ros']
[0.505s] Level 1:colcon.colcon_core.package_identification:_identify(src/yyh_nav/prefix_override) by extension 'ros'
[0.506s] Level 1:colcon.colcon_core.package_identification:_identify(src/yyh_nav/prefix_override) by extensions ['cmake', 'python']
[0.506s] Level 1:colcon.colcon_core.package_identification:_identify(src/yyh_nav/prefix_override) by extension 'cmake'
[0.506s] Level 1:colcon.colcon_core.package_identification:_identify(src/yyh_nav/prefix_override) by extension 'python'
[0.506s] Level 1:colcon.colcon_core.package_identification:_identify(src/yyh_nav/prefix_override) by extensions ['python_setup_py']
[0.506s] Level 1:colcon.colcon_core.package_identification:_identify(src/yyh_nav/prefix_override) by extension 'python_setup_py'
[0.506s] Level 1:colcon.colcon_core.package_identification:_identify(src/yyh_nav/prefix_override/__pycache__) by extensions ['ignore', 'ignore_ament_install']
[0.506s] Level 1:colcon.colcon_core.package_identification:_identify(src/yyh_nav/prefix_override/__pycache__) by extension 'ignore'
[0.506s] Level 1:colcon.colcon_core.package_identification:_identify(src/yyh_nav/prefix_override/__pycache__) by extension 'ignore_ament_install'
[0.506s] Level 1:colcon.colcon_core.package_identification:_identify(src/yyh_nav/prefix_override/__pycache__) by extensions ['colcon_pkg']
[0.506s] Level 1:colcon.colcon_core.package_identification:_identify(src/yyh_nav/prefix_override/__pycache__) by extension 'colcon_pkg'
[0.506s] Level 1:colcon.colcon_core.package_identification:_identify(src/yyh_nav/prefix_override/__pycache__) by extensions ['colcon_meta']
[0.506s] Level 1:colcon.colcon_core.package_identification:_identify(src/yyh_nav/prefix_override/__pycache__) by extension 'colcon_meta'
[0.506s] Level 1:colcon.colcon_core.package_identification:_identify(src/yyh_nav/prefix_override/__pycache__) by extensions ['ros']
[0.506s] Level 1:colcon.colcon_core.package_identification:_identify(src/yyh_nav/prefix_override/__pycache__) by extension 'ros'
[0.506s] Level 1:colcon.colcon_core.package_identification:_identify(src/yyh_nav/prefix_override/__pycache__) by extensions ['cmake', 'python']
[0.506s] Level 1:colcon.colcon_core.package_identification:_identify(src/yyh_nav/prefix_override/__pycache__) by extension 'cmake'
[0.506s] Level 1:colcon.colcon_core.package_identification:_identify(src/yyh_nav/prefix_override/__pycache__) by extension 'python'
[0.506s] Level 1:colcon.colcon_core.package_identification:_identify(src/yyh_nav/prefix_override/__pycache__) by extensions ['python_setup_py']
[0.506s] Level 1:colcon.colcon_core.package_identification:_identify(src/yyh_nav/prefix_override/__pycache__) by extension 'python_setup_py'
[0.507s] Level 1:colcon.colcon_core.package_identification:_identify(src/yyh_nav/yyh_nav.egg-info) by extensions ['ignore', 'ignore_ament_install']
[0.507s] Level 1:colcon.colcon_core.package_identification:_identify(src/yyh_nav/yyh_nav.egg-info) by extension 'ignore'
[0.507s] Level 1:colcon.colcon_core.package_identification:_identify(src/yyh_nav/yyh_nav.egg-info) by extension 'ignore_ament_install'
[0.507s] Level 1:colcon.colcon_core.package_identification:_identify(src/yyh_nav/yyh_nav.egg-info) by extensions ['colcon_pkg']
[0.507s] Level 1:colcon.colcon_core.package_identification:_identify(src/yyh_nav/yyh_nav.egg-info) by extension 'colcon_pkg'
[0.507s] Level 1:colcon.colcon_core.package_identification:_identify(src/yyh_nav/yyh_nav.egg-info) by extensions ['colcon_meta']
[0.507s] Level 1:colcon.colcon_core.package_identification:_identify(src/yyh_nav/yyh_nav.egg-info) by extension 'colcon_meta'
[0.507s] Level 1:colcon.colcon_core.package_identification:_identify(src/yyh_nav/yyh_nav.egg-info) by extensions ['ros']
[0.507s] Level 1:colcon.colcon_core.package_identification:_identify(src/yyh_nav/yyh_nav.egg-info) by extension 'ros'
[0.507s] Level 1:colcon.colcon_core.package_identification:_identify(src/yyh_nav/yyh_nav.egg-info) by extensions ['cmake', 'python']
[0.507s] Level 1:colcon.colcon_core.package_identification:_identify(src/yyh_nav/yyh_nav.egg-info) by extension 'cmake'
[0.507s] Level 1:colcon.colcon_core.package_identification:_identify(src/yyh_nav/yyh_nav.egg-info) by extension 'python'
[0.507s] Level 1:colcon.colcon_core.package_identification:_identify(src/yyh_nav/yyh_nav.egg-info) by extensions ['python_setup_py']
[0.507s] Level 1:colcon.colcon_core.package_identification:_identify(src/yyh_nav/yyh_nav.egg-info) by extension 'python_setup_py'
[0.507s] Level 1:colcon.colcon_core.package_identification:_identify(src/yyh_object) by extensions ['ignore', 'ignore_ament_install']
[0.507s] Level 1:colcon.colcon_core.package_identification:_identify(src/yyh_object) by extension 'ignore'
[0.507s] Level 1:colcon.colcon_core.package_identification:_identify(src/yyh_object) by extension 'ignore_ament_install'
[0.508s] Level 1:colcon.colcon_core.package_identification:_identify(src/yyh_object) by extensions ['colcon_pkg']
[0.508s] Level 1:colcon.colcon_core.package_identification:_identify(src/yyh_object) by extension 'colcon_pkg'
[0.508s] Level 1:colcon.colcon_core.package_identification:_identify(src/yyh_object) by extensions ['colcon_meta']
[0.508s] Level 1:colcon.colcon_core.package_identification:_identify(src/yyh_object) by extension 'colcon_meta'
[0.508s] Level 1:colcon.colcon_core.package_identification:_identify(src/yyh_object) by extensions ['ros']
[0.508s] Level 1:colcon.colcon_core.package_identification:_identify(src/yyh_object) by extension 'ros'
[0.508s] Level 1:colcon.colcon_core.package_identification:_identify(src/yyh_object) by extensions ['cmake', 'python']
[0.508s] Level 1:colcon.colcon_core.package_identification:_identify(src/yyh_object) by extension 'cmake'
[0.508s] Level 1:colcon.colcon_core.package_identification:_identify(src/yyh_object) by extension 'python'
[0.508s] Level 1:colcon.colcon_core.package_identification:_identify(src/yyh_object) by extensions ['python_setup_py']
[0.508s] Level 1:colcon.colcon_core.package_identification:_identify(src/yyh_object) by extension 'python_setup_py'
[0.508s] Level 1:colcon.colcon_core.package_identification:_identify(src/yyh_object/build) by extensions ['ignore', 'ignore_ament_install']
[0.508s] Level 1:colcon.colcon_core.package_identification:_identify(src/yyh_object/build) by extension 'ignore'
[0.508s] Level 1:colcon.colcon_core.package_identification:_identify(src/yyh_object/build) by extension 'ignore_ament_install'
[0.508s] Level 1:colcon.colcon_core.package_identification:_identify(src/yyh_object/build) by extensions ['colcon_pkg']
[0.508s] Level 1:colcon.colcon_core.package_identification:_identify(src/yyh_object/build) by extension 'colcon_pkg'
[0.508s] Level 1:colcon.colcon_core.package_identification:_identify(src/yyh_object/build) by extensions ['colcon_meta']
[0.508s] Level 1:colcon.colcon_core.package_identification:_identify(src/yyh_object/build) by extension 'colcon_meta'
[0.508s] Level 1:colcon.colcon_core.package_identification:_identify(src/yyh_object/build) by extensions ['ros']
[0.509s] Level 1:colcon.colcon_core.package_identification:_identify(src/yyh_object/build) by extension 'ros'
[0.509s] Level 1:colcon.colcon_core.package_identification:_identify(src/yyh_object/build) by extensions ['cmake', 'python']
[0.509s] Level 1:colcon.colcon_core.package_identification:_identify(src/yyh_object/build) by extension 'cmake'
[0.509s] Level 1:colcon.colcon_core.package_identification:_identify(src/yyh_object/build) by extension 'python'
[0.509s] Level 1:colcon.colcon_core.package_identification:_identify(src/yyh_object/build) by extensions ['python_setup_py']
[0.509s] Level 1:colcon.colcon_core.package_identification:_identify(src/yyh_object/build) by extension 'python_setup_py'
[0.509s] Level 1:colcon.colcon_core.package_identification:_identify(src/yyh_object/build/lib) by extensions ['ignore', 'ignore_ament_install']
[0.509s] Level 1:colcon.colcon_core.package_identification:_identify(src/yyh_object/build/lib) by extension 'ignore'
[0.509s] Level 1:colcon.colcon_core.package_identification:_identify(src/yyh_object/build/lib) by extension 'ignore_ament_install'
[0.509s] Level 1:colcon.colcon_core.package_identification:_identify(src/yyh_object/build/lib) by extensions ['colcon_pkg']
[0.509s] Level 1:colcon.colcon_core.package_identification:_identify(src/yyh_object/build/lib) by extension 'colcon_pkg'
[0.509s] Level 1:colcon.colcon_core.package_identification:_identify(src/yyh_object/build/lib) by extensions ['colcon_meta']
[0.509s] Level 1:colcon.colcon_core.package_identification:_identify(src/yyh_object/build/lib) by extension 'colcon_meta'
[0.509s] Level 1:colcon.colcon_core.package_identification:_identify(src/yyh_object/build/lib) by extensions ['ros']
[0.509s] Level 1:colcon.colcon_core.package_identification:_identify(src/yyh_object/build/lib) by extension 'ros'
[0.509s] Level 1:colcon.colcon_core.package_identification:_identify(src/yyh_object/build/lib) by extensions ['cmake', 'python']
[0.509s] Level 1:colcon.colcon_core.package_identification:_identify(src/yyh_object/build/lib) by extension 'cmake'
[0.509s] Level 1:colcon.colcon_core.package_identification:_identify(src/yyh_object/build/lib) by extension 'python'
[0.510s] Level 1:colcon.colcon_core.package_identification:_identify(src/yyh_object/build/lib) by extensions ['python_setup_py']
[0.510s] Level 1:colcon.colcon_core.package_identification:_identify(src/yyh_object/build/lib) by extension 'python_setup_py'
[0.510s] Level 1:colcon.colcon_core.package_identification:_identify(src/yyh_object/build/lib/yyh_object) by extensions ['ignore', 'ignore_ament_install']
[0.510s] Level 1:colcon.colcon_core.package_identification:_identify(src/yyh_object/build/lib/yyh_object) by extension 'ignore'
[0.510s] Level 1:colcon.colcon_core.package_identification:_identify(src/yyh_object/build/lib/yyh_object) by extension 'ignore_ament_install'
[0.510s] Level 1:colcon.colcon_core.package_identification:_identify(src/yyh_object/build/lib/yyh_object) by extensions ['colcon_pkg']
[0.510s] Level 1:colcon.colcon_core.package_identification:_identify(src/yyh_object/build/lib/yyh_object) by extension 'colcon_pkg'
[0.510s] Level 1:colcon.colcon_core.package_identification:_identify(src/yyh_object/build/lib/yyh_object) by extensions ['colcon_meta']
[0.510s] Level 1:colcon.colcon_core.package_identification:_identify(src/yyh_object/build/lib/yyh_object) by extension 'colcon_meta'
[0.510s] Level 1:colcon.colcon_core.package_identification:_identify(src/yyh_object/build/lib/yyh_object) by extensions ['ros']
[0.510s] Level 1:colcon.colcon_core.package_identification:_identify(src/yyh_object/build/lib/yyh_object) by extension 'ros'
[0.510s] Level 1:colcon.colcon_core.package_identification:_identify(src/yyh_object/build/lib/yyh_object) by extensions ['cmake', 'python']
[0.510s] Level 1:colcon.colcon_core.package_identification:_identify(src/yyh_object/build/lib/yyh_object) by extension 'cmake'
[0.510s] Level 1:colcon.colcon_core.package_identification:_identify(src/yyh_object/build/lib/yyh_object) by extension 'python'
[0.510s] Level 1:colcon.colcon_core.package_identification:_identify(src/yyh_object/build/lib/yyh_object) by extensions ['python_setup_py']
[0.510s] Level 1:colcon.colcon_core.package_identification:_identify(src/yyh_object/build/lib/yyh_object) by extension 'python_setup_py'
[0.510s] Level 1:colcon.colcon_core.package_identification:_identify(src/yyh_object/prefix_override) by extensions ['ignore', 'ignore_ament_install']
[0.511s] Level 1:colcon.colcon_core.package_identification:_identify(src/yyh_object/prefix_override) by extension 'ignore'
[0.511s] Level 1:colcon.colcon_core.package_identification:_identify(src/yyh_object/prefix_override) by extension 'ignore_ament_install'
[0.511s] Level 1:colcon.colcon_core.package_identification:_identify(src/yyh_object/prefix_override) by extensions ['colcon_pkg']
[0.511s] Level 1:colcon.colcon_core.package_identification:_identify(src/yyh_object/prefix_override) by extension 'colcon_pkg'
[0.511s] Level 1:colcon.colcon_core.package_identification:_identify(src/yyh_object/prefix_override) by extensions ['colcon_meta']
[0.511s] Level 1:colcon.colcon_core.package_identification:_identify(src/yyh_object/prefix_override) by extension 'colcon_meta'
[0.511s] Level 1:colcon.colcon_core.package_identification:_identify(src/yyh_object/prefix_override) by extensions ['ros']
[0.511s] Level 1:colcon.colcon_core.package_identification:_identify(src/yyh_object/prefix_override) by extension 'ros'
[0.511s] Level 1:colcon.colcon_core.package_identification:_identify(src/yyh_object/prefix_override) by extensions ['cmake', 'python']
[0.511s] Level 1:colcon.colcon_core.package_identification:_identify(src/yyh_object/prefix_override) by extension 'cmake'
[0.511s] Level 1:colcon.colcon_core.package_identification:_identify(src/yyh_object/prefix_override) by extension 'python'
[0.511s] Level 1:colcon.colcon_core.package_identification:_identify(src/yyh_object/prefix_override) by extensions ['python_setup_py']
[0.511s] Level 1:colcon.colcon_core.package_identification:_identify(src/yyh_object/prefix_override) by extension 'python_setup_py'
[0.511s] Level 1:colcon.colcon_core.package_identification:_identify(src/yyh_object/prefix_override/__pycache__) by extensions ['ignore', 'ignore_ament_install']
[0.512s] Level 1:colcon.colcon_core.package_identification:_identify(src/yyh_object/prefix_override/__pycache__) by extension 'ignore'
[0.512s] Level 1:colcon.colcon_core.package_identification:_identify(src/yyh_object/prefix_override/__pycache__) by extension 'ignore_ament_install'
[0.512s] Level 1:colcon.colcon_core.package_identification:_identify(src/yyh_object/prefix_override/__pycache__) by extensions ['colcon_pkg']
[0.512s] Level 1:colcon.colcon_core.package_identification:_identify(src/yyh_object/prefix_override/__pycache__) by extension 'colcon_pkg'
[0.512s] Level 1:colcon.colcon_core.package_identification:_identify(src/yyh_object/prefix_override/__pycache__) by extensions ['colcon_meta']
[0.512s] Level 1:colcon.colcon_core.package_identification:_identify(src/yyh_object/prefix_override/__pycache__) by extension 'colcon_meta'
[0.512s] Level 1:colcon.colcon_core.package_identification:_identify(src/yyh_object/prefix_override/__pycache__) by extensions ['ros']
[0.512s] Level 1:colcon.colcon_core.package_identification:_identify(src/yyh_object/prefix_override/__pycache__) by extension 'ros'
[0.512s] Level 1:colcon.colcon_core.package_identification:_identify(src/yyh_object/prefix_override/__pycache__) by extensions ['cmake', 'python']
[0.512s] Level 1:colcon.colcon_core.package_identification:_identify(src/yyh_object/prefix_override/__pycache__) by extension 'cmake'
[0.512s] Level 1:colcon.colcon_core.package_identification:_identify(src/yyh_object/prefix_override/__pycache__) by extension 'python'
[0.512s] Level 1:colcon.colcon_core.package_identification:_identify(src/yyh_object/prefix_override/__pycache__) by extensions ['python_setup_py']
[0.512s] Level 1:colcon.colcon_core.package_identification:_identify(src/yyh_object/prefix_override/__pycache__) by extension 'python_setup_py'
[0.512s] Level 1:colcon.colcon_core.package_identification:_identify(src/yyh_object/yyh_object.egg-info) by extensions ['ignore', 'ignore_ament_install']
[0.512s] Level 1:colcon.colcon_core.package_identification:_identify(src/yyh_object/yyh_object.egg-info) by extension 'ignore'
[0.513s] Level 1:colcon.colcon_core.package_identification:_identify(src/yyh_object/yyh_object.egg-info) by extension 'ignore_ament_install'
[0.513s] Level 1:colcon.colcon_core.package_identification:_identify(src/yyh_object/yyh_object.egg-info) by extensions ['colcon_pkg']
[0.513s] Level 1:colcon.colcon_core.package_identification:_identify(src/yyh_object/yyh_object.egg-info) by extension 'colcon_pkg'
[0.513s] Level 1:colcon.colcon_core.package_identification:_identify(src/yyh_object/yyh_object.egg-info) by extensions ['colcon_meta']
[0.513s] Level 1:colcon.colcon_core.package_identification:_identify(src/yyh_object/yyh_object.egg-info) by extension 'colcon_meta'
[0.513s] Level 1:colcon.colcon_core.package_identification:_identify(src/yyh_object/yyh_object.egg-info) by extensions ['ros']
[0.513s] Level 1:colcon.colcon_core.package_identification:_identify(src/yyh_object/yyh_object.egg-info) by extension 'ros'
[0.513s] Level 1:colcon.colcon_core.package_identification:_identify(src/yyh_object/yyh_object.egg-info) by extensions ['cmake', 'python']
[0.513s] Level 1:colcon.colcon_core.package_identification:_identify(src/yyh_object/yyh_object.egg-info) by extension 'cmake'
[0.513s] Level 1:colcon.colcon_core.package_identification:_identify(src/yyh_object/yyh_object.egg-info) by extension 'python'
[0.513s] Level 1:colcon.colcon_core.package_identification:_identify(src/yyh_object/yyh_object.egg-info) by extensions ['python_setup_py']
[0.513s] Level 1:colcon.colcon_core.package_identification:_identify(src/yyh_object/yyh_object.egg-info) by extension 'python_setup_py'
[0.513s] Level 1:colcon.colcon_core.package_discovery:discover_packages(recursive) using defaults
[0.514s] Level 1:colcon.colcon_core.package_discovery:discover_packages(ignore) discover
[0.514s] Level 1:colcon.colcon_core.package_discovery:discover_packages(ignore) using defaults
[0.514s] Level 1:colcon.colcon_core.package_discovery:discover_packages(path) discover
[0.514s] Level 1:colcon.colcon_core.package_discovery:discover_packages(path) using defaults
[0.565s] Level 1:colcon.colcon_core.package_discovery:discover_packages(prefix_path) check parameters
[0.565s] Level 1:colcon.colcon_core.package_discovery:discover_packages(prefix_path) discover
[0.574s] DEBUG:colcon.colcon_installed_package_information.package_discovery:Found 285 installed packages in /opt/ros/jazzy
[0.576s] Level 1:colcon.colcon_core.package_discovery:discover_packages(prefix_path) using defaults
[0.646s] INFO:colcon.colcon_core.executor:Executing jobs using 'parallel' executor
[0.649s] DEBUG:colcon.colcon_parallel_executor.executor.parallel:run_until_complete
[0.649s] DEBUG:colcon.colcon_parallel_executor.executor.parallel:closing loop
[0.649s] DEBUG:colcon.colcon_parallel_executor.executor.parallel:loop closed
[0.650s] DEBUG:colcon.colcon_parallel_executor.executor.parallel:run_until_complete finished with '0'
[0.650s] DEBUG:colcon.colcon_core.event_reactor:joining thread
[0.677s] INFO:colcon.colcon_core.plugin_system:Skipping extension 'colcon_notification.desktop_notification.terminal_notifier': Not used on non-Darwin systems
[0.677s] INFO:colcon.colcon_core.plugin_system:Skipping extension 'colcon_notification.desktop_notification.win32': Not used on non-Windows systems
[0.677s] INFO:colcon.colcon_notification.desktop_notification:Sending desktop notification using 'notify2'
[0.727s] DEBUG:colcon.colcon_core.event_reactor:joined thread
[0.734s] INFO:colcon.colcon_core.plugin_system:Skipping extension 'colcon_core.shell.bat': Not used on non-Windows systems
[0.735s] INFO:colcon.colcon_core.shell:Creating prefix script '/home/yyh/ros2_ws/install/local_setup.ps1'
[0.737s] INFO:colcon.colcon_core.shell:Creating prefix util module '/home/yyh/ros2_ws/install/_local_setup_util_ps1.py'
[0.739s] INFO:colcon.colcon_core.shell:Creating prefix chain script '/home/yyh/ros2_ws/install/setup.ps1'
[0.741s] INFO:colcon.colcon_core.shell:Creating prefix script '/home/yyh/ros2_ws/install/local_setup.sh'
[0.742s] INFO:colcon.colcon_core.shell:Creating prefix util module '/home/yyh/ros2_ws/install/_local_setup_util_sh.py'
[0.743s] INFO:colcon.colcon_core.shell:Creating prefix chain script '/home/yyh/ros2_ws/install/setup.sh'
[0.746s] INFO:colcon.colcon_core.shell:Creating prefix script '/home/yyh/ros2_ws/install/local_setup.bash'
[0.747s] INFO:colcon.colcon_core.shell:Creating prefix chain script '/home/yyh/ros2_ws/install/setup.bash'
[0.749s] INFO:colcon.colcon_core.shell:Creating prefix script '/home/yyh/ros2_ws/install/local_setup.zsh'
[0.750s] INFO:colcon.colcon_core.shell:Creating prefix chain script '/home/yyh/ros2_ws/install/setup.zsh'
