[2.173s] Invoking command in '/home/yyh/ros2_ws/src/yyh_object': DEBUGINFOD_URLS=https://debuginfod.ubuntu.com PYTHONPATH=/home/yyh/ros2_ws/build/yyh_object/prefix_override:/usr/lib/python3/dist-packages/colcon_core/task/python/colcon_distutils_commands:/home/yyh/ros2_ws/install/yyh_object/lib/python3.12/site-packages:${PYTHONPATH} VIRTUAL_ENV_PROMPT=(gongchuang) /usr/bin/python3 -W ignore:setup.py install is deprecated setup.py egg_info --egg-base ../../build/yyh_object build --build-base /home/yyh/ros2_ws/build/yyh_object/build install --record /home/yyh/ros2_ws/build/yyh_object/install.log --single-version-externally-managed install_data
[2.601s] running egg_info
[2.628s] writing ../../build/yyh_object/yyh_object.egg-info/PKG-INFO
[2.629s] writing dependency_links to ../../build/yyh_object/yyh_object.egg-info/dependency_links.txt
[2.630s] writing entry points to ../../build/yyh_object/yyh_object.egg-info/entry_points.txt
[2.630s] writing requirements to ../../build/yyh_object/yyh_object.egg-info/requires.txt
[2.631s] writing top-level names to ../../build/yyh_object/yyh_object.egg-info/top_level.txt
[2.686s] reading manifest file '../../build/yyh_object/yyh_object.egg-info/SOURCES.txt'
[2.690s] writing manifest file '../../build/yyh_object/yyh_object.egg-info/SOURCES.txt'
[2.690s] running build
[2.690s] running build_py
[2.690s] copying yyh_object/usb_pub2.py -> /home/yyh/ros2_ws/build/yyh_object/build/lib/yyh_object
[2.690s] running install
[2.700s] running install_lib
[2.731s] copying /home/yyh/ros2_ws/build/yyh_object/build/lib/yyh_object/usb_pub2.py -> /home/yyh/ros2_ws/install/yyh_object/lib/python3.12/site-packages/yyh_object
[2.733s] byte-compiling /home/yyh/ros2_ws/install/yyh_object/lib/python3.12/site-packages/yyh_object/usb_pub2.py to usb_pub2.cpython-312.pyc
[2.733s] running install_data
[2.736s] running install_egg_info
[2.762s] removing '/home/yyh/ros2_ws/install/yyh_object/lib/python3.12/site-packages/yyh_object-0.0.0-py3.12.egg-info' (and everything under it)
[2.768s] Copying ../../build/yyh_object/yyh_object.egg-info to /home/yyh/ros2_ws/install/yyh_object/lib/python3.12/site-packages/yyh_object-0.0.0-py3.12.egg-info
[2.768s] running install_scripts
[3.024s] Installing Image script to /home/yyh/ros2_ws/install/yyh_object/lib/yyh_object
[3.025s] Installing usb_pub script to /home/yyh/ros2_ws/install/yyh_object/lib/yyh_object
[3.025s] Installing usb_pub2 script to /home/yyh/ros2_ws/install/yyh_object/lib/yyh_object
[3.027s] writing list of installed files to '/home/yyh/ros2_ws/build/yyh_object/install.log'
[3.152s] Invoked command in '/home/yyh/ros2_ws/src/yyh_object' returned '0': DEBUGINFOD_URLS=https://debuginfod.ubuntu.com PYTHONPATH=/home/yyh/ros2_ws/build/yyh_object/prefix_override:/usr/lib/python3/dist-packages/colcon_core/task/python/colcon_distutils_commands:/home/yyh/ros2_ws/install/yyh_object/lib/python3.12/site-packages:${PYTHONPATH} VIRTUAL_ENV_PROMPT=(gongchuang) /usr/bin/python3 -W ignore:setup.py install is deprecated setup.py egg_info --egg-base ../../build/yyh_object build --build-base /home/yyh/ros2_ws/build/yyh_object/build install --record /home/yyh/ros2_ws/build/yyh_object/install.log --single-version-externally-managed install_data
