/home/yyh/ros2_ws/install/yyh_object/lib/python3.12/site-packages/yyh_object/Image.py
/home/yyh/ros2_ws/install/yyh_object/lib/python3.12/site-packages/yyh_object/__init__.py
/home/yyh/ros2_ws/install/yyh_object/lib/python3.12/site-packages/yyh_object/usb_pub2.py
/home/yyh/ros2_ws/install/yyh_object/lib/python3.12/site-packages/yyh_object/usb_pub.py
/home/yyh/ros2_ws/install/yyh_object/lib/python3.12/site-packages/yyh_object/Image_gongchuang.py
/home/yyh/ros2_ws/install/yyh_object/lib/python3.12/site-packages/yyh_object/__pycache__/Image.cpython-312.pyc
/home/yyh/ros2_ws/install/yyh_object/lib/python3.12/site-packages/yyh_object/__pycache__/__init__.cpython-312.pyc
/home/yyh/ros2_ws/install/yyh_object/lib/python3.12/site-packages/yyh_object/__pycache__/usb_pub2.cpython-312.pyc
/home/yyh/ros2_ws/install/yyh_object/lib/python3.12/site-packages/yyh_object/__pycache__/usb_pub.cpython-312.pyc
/home/yyh/ros2_ws/install/yyh_object/lib/python3.12/site-packages/yyh_object/__pycache__/Image_gongchuang.cpython-312.pyc
/home/yyh/ros2_ws/install/yyh_object/share/ament_index/resource_index/packages/yyh_object
/home/yyh/ros2_ws/install/yyh_object/share/yyh_object/package.xml
/home/yyh/ros2_ws/install/yyh_object/lib/python3.12/site-packages/yyh_object-0.0.0-py3.12.egg-info/SOURCES.txt
/home/yyh/ros2_ws/install/yyh_object/lib/python3.12/site-packages/yyh_object-0.0.0-py3.12.egg-info/top_level.txt
/home/yyh/ros2_ws/install/yyh_object/lib/python3.12/site-packages/yyh_object-0.0.0-py3.12.egg-info/PKG-INFO
/home/yyh/ros2_ws/install/yyh_object/lib/python3.12/site-packages/yyh_object-0.0.0-py3.12.egg-info/zip-safe
/home/yyh/ros2_ws/install/yyh_object/lib/python3.12/site-packages/yyh_object-0.0.0-py3.12.egg-info/requires.txt
/home/yyh/ros2_ws/install/yyh_object/lib/python3.12/site-packages/yyh_object-0.0.0-py3.12.egg-info/dependency_links.txt
/home/yyh/ros2_ws/install/yyh_object/lib/python3.12/site-packages/yyh_object-0.0.0-py3.12.egg-info/entry_points.txt
/home/yyh/ros2_ws/install/yyh_object/lib/yyh_object/Image_gongchuang
/home/yyh/ros2_ws/install/yyh_object/lib/yyh_object/usb_pub
/home/yyh/ros2_ws/install/yyh_object/lib/yyh_object/usb_pub2
