[2.106s] Invoking command in '/home/yyh/ros2_ws/src/yyh_object': DEBUGINFOD_URLS=https://debuginfod.ubuntu.com PYTHONPATH=/home/yyh/ros2_ws/build/yyh_object/prefix_override:/usr/lib/python3/dist-packages/colcon_core/task/python/colcon_distutils_commands:/home/yyh/ros2_ws/install/yyh_object/lib/python3.12/site-packages:${PYTHONPATH} VIRTUAL_ENV_PROMPT=(gongchuang) /usr/bin/python3 -W ignore:setup.py install is deprecated setup.py egg_info --egg-base ../../build/yyh_object build --build-base /home/yyh/ros2_ws/build/yyh_object/build install --record /home/yyh/ros2_ws/build/yyh_object/install.log --single-version-externally-managed install_data
[2.522s] running egg_info
[2.547s] writing ../../build/yyh_object/yyh_object.egg-info/PKG-INFO
[2.548s] writing dependency_links to ../../build/yyh_object/yyh_object.egg-info/dependency_links.txt
[2.549s] writing entry points to ../../build/yyh_object/yyh_object.egg-info/entry_points.txt
[2.550s] writing requirements to ../../build/yyh_object/yyh_object.egg-info/requires.txt
[2.550s] writing top-level names to ../../build/yyh_object/yyh_object.egg-info/top_level.txt
[2.605s] reading manifest file '../../build/yyh_object/yyh_object.egg-info/SOURCES.txt'
[2.605s] writing manifest file '../../build/yyh_object/yyh_object.egg-info/SOURCES.txt'
[2.606s] running build
[2.606s] running build_py
[2.606s] copying yyh_object/Image_gongchuang.py -> /home/yyh/ros2_ws/build/yyh_object/build/lib/yyh_object
[2.609s] running install
[2.620s] running install_lib
[2.648s] copying /home/yyh/ros2_ws/build/yyh_object/build/lib/yyh_object/Image_gongchuang.py -> /home/yyh/ros2_ws/install/yyh_object/lib/python3.12/site-packages/yyh_object
[2.649s] byte-compiling /home/yyh/ros2_ws/install/yyh_object/lib/python3.12/site-packages/yyh_object/Image_gongchuang.py to Image_gongchuang.cpython-312.pyc
[2.655s] running install_data
[2.655s] running install_egg_info
[2.683s] removing '/home/yyh/ros2_ws/install/yyh_object/lib/python3.12/site-packages/yyh_object-0.0.0-py3.12.egg-info' (and everything under it)
[2.684s] Copying ../../build/yyh_object/yyh_object.egg-info to /home/yyh/ros2_ws/install/yyh_object/lib/python3.12/site-packages/yyh_object-0.0.0-py3.12.egg-info
[2.688s] running install_scripts
[2.889s] Installing Image_gongchuang script to /home/yyh/ros2_ws/install/yyh_object/lib/yyh_object
[2.890s] Installing usb_pub script to /home/yyh/ros2_ws/install/yyh_object/lib/yyh_object
[2.896s] Installing usb_pub2 script to /home/yyh/ros2_ws/install/yyh_object/lib/yyh_object
[2.899s] writing list of installed files to '/home/yyh/ros2_ws/build/yyh_object/install.log'
[3.050s] Invoked command in '/home/yyh/ros2_ws/src/yyh_object' returned '0': DEBUGINFOD_URLS=https://debuginfod.ubuntu.com PYTHONPATH=/home/yyh/ros2_ws/build/yyh_object/prefix_override:/usr/lib/python3/dist-packages/colcon_core/task/python/colcon_distutils_commands:/home/yyh/ros2_ws/install/yyh_object/lib/python3.12/site-packages:${PYTHONPATH} VIRTUAL_ENV_PROMPT=(gongchuang) /usr/bin/python3 -W ignore:setup.py install is deprecated setup.py egg_info --egg-base ../../build/yyh_object build --build-base /home/yyh/ros2_ws/build/yyh_object/build install --record /home/yyh/ros2_ws/build/yyh_object/install.log --single-version-externally-managed install_data
