[2.084s] Invoking command in '/home/yyh/ros2_ws/src/yyh_object': DEBUGINFOD_URLS=https://debuginfod.ubuntu.com PYTHONPATH=/home/yyh/ros2_ws/build/yyh_object/prefix_override:/usr/lib/python3/dist-packages/colcon_core/task/python/colcon_distutils_commands:/home/yyh/ros2_ws/install/yyh_object/lib/python3.12/site-packages:${PYTHONPATH} VIRTUAL_ENV_PROMPT=(gongchuang) /usr/bin/python3 -W ignore:setup.py install is deprecated setup.py egg_info --egg-base ../../build/yyh_object build --build-base /home/yyh/ros2_ws/build/yyh_object/build install --record /home/yyh/ros2_ws/build/yyh_object/install.log --single-version-externally-managed install_data
[2.548s] running egg_info
[2.574s] writing ../../build/yyh_object/yyh_object.egg-info/PKG-INFO
[2.575s] writing dependency_links to ../../build/yyh_object/yyh_object.egg-info/dependency_links.txt
[2.576s] writing entry points to ../../build/yyh_object/yyh_object.egg-info/entry_points.txt
[2.577s] writing requirements to ../../build/yyh_object/yyh_object.egg-info/requires.txt
[2.577s] writing top-level names to ../../build/yyh_object/yyh_object.egg-info/top_level.txt
[2.630s] reading manifest file '../../build/yyh_object/yyh_object.egg-info/SOURCES.txt'
[2.632s] writing manifest file '../../build/yyh_object/yyh_object.egg-info/SOURCES.txt'
[2.633s] running build
[2.633s] running build_py
[2.633s] copying yyh_object/Image_gongchuang.py -> /home/yyh/ros2_ws/build/yyh_object/build/lib/yyh_object
[2.634s] running install
[2.644s] running install_lib
[2.671s] copying /home/yyh/ros2_ws/build/yyh_object/build/lib/yyh_object/Image_gongchuang.py -> /home/yyh/ros2_ws/install/yyh_object/lib/python3.12/site-packages/yyh_object
[2.672s] byte-compiling /home/yyh/ros2_ws/install/yyh_object/lib/python3.12/site-packages/yyh_object/Image_gongchuang.py to Image_gongchuang.cpython-312.pyc
[2.673s] running install_data
[2.673s] running install_egg_info
[2.673s] Sorry: IndentationError: expected an indented block after 'while' statement on line 40 (Image_gongchuang.py, line 42)
[2.702s] removing '/home/yyh/ros2_ws/install/yyh_object/lib/python3.12/site-packages/yyh_object-0.0.0-py3.12.egg-info' (and everything under it)
[2.703s] Copying ../../build/yyh_object/yyh_object.egg-info to /home/yyh/ros2_ws/install/yyh_object/lib/python3.12/site-packages/yyh_object-0.0.0-py3.12.egg-info
[2.704s] running install_scripts
[2.908s] Installing Image_gongchuang script to /home/yyh/ros2_ws/install/yyh_object/lib/yyh_object
[2.909s] Installing usb_pub script to /home/yyh/ros2_ws/install/yyh_object/lib/yyh_object
[2.910s] Installing usb_pub2 script to /home/yyh/ros2_ws/install/yyh_object/lib/yyh_object
[2.911s] writing list of installed files to '/home/yyh/ros2_ws/build/yyh_object/install.log'
[3.074s] Invoked command in '/home/yyh/ros2_ws/src/yyh_object' returned '0': DEBUGINFOD_URLS=https://debuginfod.ubuntu.com PYTHONPATH=/home/yyh/ros2_ws/build/yyh_object/prefix_override:/usr/lib/python3/dist-packages/colcon_core/task/python/colcon_distutils_commands:/home/yyh/ros2_ws/install/yyh_object/lib/python3.12/site-packages:${PYTHONPATH} VIRTUAL_ENV_PROMPT=(gongchuang) /usr/bin/python3 -W ignore:setup.py install is deprecated setup.py egg_info --egg-base ../../build/yyh_object build --build-base /home/yyh/ros2_ws/build/yyh_object/build install --record /home/yyh/ros2_ws/build/yyh_object/install.log --single-version-externally-managed install_data
