[2.977s] Invoking command in '/home/yyh/ros2_ws/src/yyh_object': DEBUGINFOD_URLS=https://debuginfod.ubuntu.com PS1=(gongchuang) \[\e]0;\u@\h: \w\a\]${debian_chroot:+($debian_chroot)}\[\033[01;32m\]\u@\h\[\033[00m\]:\[\033[01;34m\]\w\[\033[00m\]\$ PYTHONPATH=/home/yyh/ros2_ws/build/yyh_object/prefix_override:/usr/lib/python3/dist-packages/colcon_core/task/python/colcon_distutils_commands:/home/yyh/ros2_ws/install/yyh_object/lib/python3.12/site-packages:${PYTHONPATH} VIRTUAL_ENV_PROMPT=(gongchuang) /usr/bin/python3 -W ignore:setup.py install is deprecated setup.py egg_info --egg-base ../../build/yyh_object build --build-base /home/yyh/ros2_ws/build/yyh_object/build install --record /home/yyh/ros2_ws/build/yyh_object/install.log --single-version-externally-managed install_data
[3.541s] running egg_info
[3.571s] writing ../../build/yyh_object/yyh_object.egg-info/PKG-INFO
[3.571s] writing dependency_links to ../../build/yyh_object/yyh_object.egg-info/dependency_links.txt
[3.573s] writing entry points to ../../build/yyh_object/yyh_object.egg-info/entry_points.txt
[3.573s] writing requirements to ../../build/yyh_object/yyh_object.egg-info/requires.txt
[3.573s] writing top-level names to ../../build/yyh_object/yyh_object.egg-info/top_level.txt
[3.644s] reading manifest file '../../build/yyh_object/yyh_object.egg-info/SOURCES.txt'
[3.644s] writing manifest file '../../build/yyh_object/yyh_object.egg-info/SOURCES.txt'
[3.645s] running build
[3.646s] running build_py
[3.646s] copying yyh_object/Image.py -> /home/yyh/ros2_ws/build/yyh_object/build/lib/yyh_object
[3.646s] copying yyh_object/usb_pub.py -> /home/yyh/ros2_ws/build/yyh_object/build/lib/yyh_object
[3.647s] running install
[3.662s] running install_lib
[3.701s] copying /home/yyh/ros2_ws/build/yyh_object/build/lib/yyh_object/Image.py -> /home/yyh/ros2_ws/install/yyh_object/lib/python3.12/site-packages/yyh_object
[3.702s] copying /home/yyh/ros2_ws/build/yyh_object/build/lib/yyh_object/usb_pub.py -> /home/yyh/ros2_ws/install/yyh_object/lib/python3.12/site-packages/yyh_object
[3.705s] byte-compiling /home/yyh/ros2_ws/install/yyh_object/lib/python3.12/site-packages/yyh_object/Image.py to Image.cpython-312.pyc
[3.714s] byte-compiling /home/yyh/ros2_ws/install/yyh_object/lib/python3.12/site-packages/yyh_object/usb_pub.py to usb_pub.cpython-312.pyc
[3.717s] running install_data
[3.717s] running install_egg_info
[3.756s] removing '/home/yyh/ros2_ws/install/yyh_object/lib/python3.12/site-packages/yyh_object-0.0.0-py3.12.egg-info' (and everything under it)
[3.758s] Copying ../../build/yyh_object/yyh_object.egg-info to /home/yyh/ros2_ws/install/yyh_object/lib/python3.12/site-packages/yyh_object-0.0.0-py3.12.egg-info
[3.761s] running install_scripts
[4.078s] Installing usb_pub script to /home/yyh/ros2_ws/install/yyh_object/lib/yyh_object
[4.079s] writing list of installed files to '/home/yyh/ros2_ws/build/yyh_object/install.log'
[4.255s] Invoked command in '/home/yyh/ros2_ws/src/yyh_object' returned '0': DEBUGINFOD_URLS=https://debuginfod.ubuntu.com PS1=(gongchuang) \[\e]0;\u@\h: \w\a\]${debian_chroot:+($debian_chroot)}\[\033[01;32m\]\u@\h\[\033[00m\]:\[\033[01;34m\]\w\[\033[00m\]\$ PYTHONPATH=/home/yyh/ros2_ws/build/yyh_object/prefix_override:/usr/lib/python3/dist-packages/colcon_core/task/python/colcon_distutils_commands:/home/yyh/ros2_ws/install/yyh_object/lib/python3.12/site-packages:${PYTHONPATH} VIRTUAL_ENV_PROMPT=(gongchuang) /usr/bin/python3 -W ignore:setup.py install is deprecated setup.py egg_info --egg-base ../../build/yyh_object build --build-base /home/yyh/ros2_ws/build/yyh_object/build install --record /home/yyh/ros2_ws/build/yyh_object/install.log --single-version-externally-managed install_data
